-0.250424
-0.250879
-0.251211
-0.251596
-0.251864
-0.252180
-0.252481
-0.252866
-0.253285
-0.253826
-0.254431
-0.255186
-0.256017
-0.257004
-0.258052
-0.259237
-0.260454
-0.261780
-0.263113
-0.264538
-0.265954
-0.267445
-0.268906
-0.270415
-0.271851
-0.273288
-0.453951
-0.454481
-0.454829
-0.455017
-0.455038
-0.454905
-0.454641
-0.454246
-0.453772
-0.453207
-0.452617
-0.451985
-0.451371
-0.450754
-0.450184
-0.449636
-0.449151
-0.448706
-0.448338
-0.448029
-0.447805
-0.447659
-0.447606
-0.447647
-0.447787
-0.448040
-0.448394
-0.448879
-0.449463
-0.450189
-0.450992
-0.451923
-0.452891
-0.453951
-0.455002
-0.456100
-0.457145
-0.458190
-0.459141
-0.460042
-0.460810
-0.461476
-0.461976
-0.462324
-0.462482
-0.462446
-0.462208
-0.461743
-0.461075
-0.460157
-0.459055
-0.457703
-0.456212
-0.454499
-0.452719
-0.450775
-0.448844
-0.446814
-0.444862
-0.442866
-0.440984
-0.439093
-0.437328
-0.435567
-0.433929
-0.432298
-0.430785
-0.429281
-0.427896
-0.426535
-0.425302
-0.424117
-0.423073
-0.422100
-0.421273
-0.420532
-0.419933
-0.419426
-0.419047
-0.418757
-0.418565
-0.418437
-0.418359
-0.418299
-0.418230
-0.418118
-0.417942
-0.417664
-0.417283
-0.416751
-0.416099
-0.415276
-0.414349
-0.413264
-0.412120
-0.410862
-0.409603
-0.408280
-0.407012
-0.405731
-0.404554
-0.403417
-0.402425
-0.401519
-0.400778
-0.400147
-0.399666
-0.399282
-0.399005
-0.398788
-0.398624
-0.398477
-0.398337
-0.398177
-0.398000
-0.397785
-0.397549
-0.397277
-0.397000
-0.396706
-0.396429
-0.396158
-0.395924
-0.395715
-0.395550
-0.395414
-0.395310
-0.395216
-0.395122
-0.394996
-0.394825
-0.394566
-0.394218
-0.393728
-0.393123
-0.392345
-0.391459
-0.390402
-0.389277
-0.388014
-0.386736
-0.385370
-0.384050
-0.382706
-0.381473
-0.380284
-0.379259
-0.378336
-0.377598
-0.376986
-0.376542
-0.376216
-0.376014
-0.375898
-0.375853
-0.375848
-0.375860
-0.375867
-0.375849
-0.375792
-0.375691
-0.375538
-0.375348
-0.375114
-0.374863
-0.374588
-0.374322
-0.374053
-0.373808
-0.373570
-0.373353
-0.373131
-0.372910
-0.372654
-0.372365
-0.372001
-0.371571
-0.371026
-0.370394
-0.369618
-0.368756
-0.367744
-0.366671
-0.365463
-0.364239
-0.362919
-0.361638
-0.360310
-0.359072
-0.357835
-0.356717
-0.355628
-0.354660
-0.353728
-0.352898
-0.352093
-0.351364
-0.350636
-0.349955
-0.349250
-0.348563
-0.347829
-0.347092
-0.346286
-0.345466
-0.344564
-0.343647
-0.342644
-0.341636
-0.340548
-0.339469
-0.338320
-0.337193
-0.336002
-0.334844
-0.333630
-0.332463
-0.331255
-0.330117
-0.328966
-0.327912
-0.326877
-0.325959
-0.325088
-0.324342
-0.323665
-0.323116
-0.322654
-0.322322
-0.322092
-0.321984
-0.321984
-0.322083
-0.322274
-0.322526
-0.322840
-0.323169
-0.323519
-0.323840
-0.324140
-0.324376
-0.324554
-0.324647
-0.324657
-0.324581
-0.324412
-0.324169
-0.323836
-0.323452
-0.322989
-0.322499
-0.321944
-0.321381
-0.320764
-0.320152
-0.319486
-0.318827
-0.318107
-0.317388
-0.316594
-0.315795
-0.314911
-0.314021
-0.313046
-0.312082
-0.311048
-0.310059
-0.309038
-0.308105
-0.307196
-0.306422
-0.305732
-0.305216
-0.304841
-0.304657
-0.304654
-0.304833
-0.305203
-0.305716
-0.306403
-0.307173
-0.308073
-0.308987
-0.309972
-0.310907
-0.311851
-0.312694
-0.313490
-0.314152
-0.314726
-0.315148
-0.315451
-0.315600
-0.315606
-0.315466
-0.315165
-0.314734
-0.314131
-0.313417
-0.312525
-0.311541
-0.310372
-0.309126
-0.307684
-0.306178
-0.304468
-0.302712
-0.300755
-0.298779
-0.296619
-0.294474
-0.292168
-0.289915
-0.287533
-0.285247
-0.282870
-0.280630
-0.278339
-0.276215
-0.274073
-0.272115
-0.270163
-0.268399
-0.266654
-0.265088
-0.263543
-0.262151
-0.260769
-0.259509
-0.258240
-0.257069
-0.255879
-0.254781
-0.253672
-0.252665
-0.251669
-0.250789
-0.249943
-0.249218
-0.248540
-0.247975
-0.247457
-0.247031
-0.246643
-0.246318
-0.246009
-0.245732
-0.245449
-0.245176
-0.244879
-0.246470
-0.246236
-0.245943
-0.245586
-0.245227
-0.244863
-0.244564
-0.244338
-0.244241
-0.244297
-0.244528
-0.244981
-0.245626
-0.246534
-0.247603
-0.248927
-0.250344
-0.251974
-0.253625
-0.255445
-0.259129
-0.261072
-0.262901
-0.264784
-0.266517
-0.268261
-0.269833
-0.271389
-0.272779
-0.274150
-0.275382
-0.276611
-0.277724
-0.278843
-0.279854
-0.280860
-0.281747
-0.282604
-0.283331
-0.284001
-0.284536
-0.284992
-0.285318
-0.285547
-0.285657
-0.285663
-0.285576
-0.285399
-0.285171
-0.284890
-0.284609
-0.284322
-0.284084
-0.283892
-0.283788
-0.283780
-0.283885
-0.284126
-0.284487
-0.285010
-0.285642
-0.286446
-0.287338
-0.288401
-0.289518
-0.301268
-0.302756
-0.304393
-0.305981
-0.307674
-0.309268
-0.310929
-0.312463
-0.314038
-0.315474
-0.316934
-0.318253
-0.319585
-0.320785
-0.321995
-0.323088
-0.324194
-0.325200
-0.326222
-0.327150
-0.328089
-0.328928
-0.329760
-0.330482
-0.331173
-0.498412
-0.498075
-0.497866
-0.497749
-0.497728
-0.497785
-0.497899
-0.498068
-0.498254
-0.498464
-0.498655
-0.498836
-0.498968
-0.499056
-0.499074
-0.499013
-0.498876
-0.498630
-0.498308
-0.497849
-0.735390
-0.735963
-0.736413
-0.736827
-0.737115
-0.737327
-0.737426
-0.737429
-0.737340
-0.737145
-0.736890
-0.736529
-0.736127
-0.735628
-0.735155
-0.734597
-0.734075
-0.733326
-0.732980
-0.732120
-0.731921
-0.731015
-0.730916
-0.730534
-0.730543
-0.730553
-0.730563
-0.730573
-0.730621
-0.731280
-0.731301
-0.731321
-0.731342
-0.731434
-0.733045
-0.733015
-0.732987
-0.732960
-0.732933
-0.732903
-0.732622
-0.732610
-0.732598
-0.732586
-0.732575
-0.732565
-0.732555
-0.732543
-0.732419
-0.732415
-0.732411
-0.732406
-0.732403
-0.732399
-0.732394
-0.732326
-0.732325
-0.732324
-0.732323
-0.732323
-0.732321
-0.732279
-0.732279
-0.732280
-0.732280
-0.732280
-0.732281
-0.732281
-0.732282
-0.732282
-0.732282
-0.732282
-0.732283
-0.732283
-0.732283
-0.732283
-0.732283
-0.732283
-0.732284
-0.732284
-0.732284
-0.732284
-0.732284
-0.732284
-0.732284
-0.732284
-0.732284
-0.732283
-0.732283
-0.732283
-0.732283
-0.732283
-0.732283
-0.732283
-0.732282
-0.732282
-0.732282
-0.732281
-0.732158
-0.732148
-0.732138
-0.732128
-0.732119
-0.732110
-0.732101
-0.732092
-0.732083
-0.732074
-0.732066
-0.732058
-0.732050
-0.732041
-0.731962
-0.726437
-0.726531
-0.726621
-0.726709
-0.726794
-0.726876
-0.726955
-0.727032
-0.727106
-0.727178
-0.727248
-0.727316
-0.727381
-0.727444
-0.727506
-0.727565
-0.727623
-0.727679
-0.727733
-0.727785
-0.727836
-0.727886
-0.727933
-0.727980
-0.728025
-0.728069
-0.728111
-0.728153
-0.728193
-0.728232
-0.728292
-0.729501
-0.796222
-0.796226
-0.796303
-0.796312
-0.796321
-0.796329
-0.796338
-0.796346
-0.796354
-0.796361
-0.796369
-0.796376
-0.796383
-0.796391
-0.796397
-0.796404
-0.796411
-0.796417
-0.796424
-0.796430
-0.796436
-0.796442
-0.796448
-0.796454
-0.796460
-0.796465
-0.796471
-0.796476
-0.796481
-0.796487
-0.796492
-0.796497
-0.796508
-0.797011
-0.797008
-0.797006
-0.797003
-0.797001
-0.796999
-0.796997
-0.796995
-0.796993
-0.796992
-0.796990
-0.796989
-0.796988
-0.796987
-0.796986
-0.796985
-0.796984
-0.796983
-0.796983
-0.796982
-0.796982
-0.796981
-0.796981
-0.796980
-0.796980
-0.796980
-0.796980
-0.796980
-0.796980
-0.796980
-0.796980
-0.796980
-0.796980
-0.796981
-0.796981
-0.796981
-0.796981
-0.796982
-0.796982
-0.796983
-0.796983
-0.796984
-0.796984
-0.796985
-0.796985
-0.796986
-0.796987
-0.796987
-0.796988
-0.796989
-0.796989
-0.796990
-0.796991
-0.796992
-0.796993
-0.796993
-0.796994
-0.797004
-0.799219
-0.799253
-0.799285
-0.799316
-0.799346
-0.799374
-0.799401
-0.799427
-0.799452
-0.799475
-0.799498
-0.799519
-0.799540
-0.799560
-0.799579
-0.799597
-0.799614
-0.799630
-0.799646
-0.799661
-0.799676
-0.799690
-0.799703
-0.799715
-0.799727
-0.799739
-0.799750
-0.799761
-0.799771
-0.799781
-0.799790
-0.799799
-0.799807
-0.799816
-0.799824
-0.799831
-0.799838
-0.799845
-0.799852
-0.799858
-0.799865
-0.799871
-0.799885
-0.800553
-0.800532
-0.800512
-0.800493
-0.800441
-0.799201
-0.799248
-0.799293
-0.799336
-0.799377
-0.799417
-0.799455
-0.799491
-0.799533
-0.799927
-0.799944
-0.799960
-0.799976
-0.799991
-0.800006
-0.800027
-0.800534
-0.800528
-0.800522
-0.800517
-0.800511
-0.800507
-0.800502
-0.800498
-0.800494
-0.800484
-0.799978
-0.799920
-0.799829
-0.799872
-0.799913
-0.799953
-0.799991
-0.800046
-0.800921
-0.800916
-0.800909
-0.800859
-0.799250
-0.799314
-0.799376
-0.799435
-0.799491
-0.799546
-0.799598
-0.799647
-0.799695
-0.799741
-0.799787
-0.799931
-0.800016
-0.800058
-0.800394
-0.800409
-0.800424
-0.800438
-0.800500
-0.802105
-0.802042
-0.801971
-0.801466
-0.801278
-0.801044
-0.800883
-0.800731
-0.800173
-0.800069
-0.799738
-0.799517
-0.799270
-0.799001
-0.798866
-0.798880
-0.799054
-0.799388
-0.799749
-0.800132
-0.800471
-0.800788
-0.801063
-0.801306
-0.801518
-0.801696
-0.801823
-0.801945
-0.801996
-0.802005
-0.801968
-0.801835
-0.801771
-0.801667
-0.801652
-0.801670
-0.801700
-0.801832
-0.801883
-0.802139
-0.802171
-0.802309
-0.802299
-0.802289
-0.802279
-0.802270
-0.802249
-0.801729
-0.801743
-0.801756
-0.801769
-0.801781
-0.801792
-0.801803
-0.801814
-0.801845
-0.802047
-0.802053
-0.802055
-0.801991
-0.801976
-0.801962
-0.801949
-0.801938
-0.801927
-0.801917
-0.801908
-0.801900
-0.801892
-0.801885
-0.801878
-0.801873
-0.801867
-0.801863
-0.801858
-0.801854
-0.801845
-0.801831
-0.801822
-0.801808
-0.801806
-0.801812
-0.801822
-0.801889
-0.801906
-0.802041
-0.802212
-0.802391
-0.802528
-0.802678
-0.802773
-0.802862
-0.802905
-0.802918
-0.802900
-0.802847
-0.802776
-0.802679
-0.802574
-0.802464
-0.802362
-0.802283
-0.802230
-0.802209
-0.802215
-0.802243
-0.802286
-0.802336
-0.802386
-0.802436
-0.802467
-0.802487
-0.802484
-0.802449
-0.802399
-0.802305
-0.802233
-0.802143
-0.802098
-0.802071
-0.802078
-0.802121
-0.802183
-0.802298
-0.802422
-0.802624
-0.802819
-0.803129
-0.803404
-0.803829
-0.804183
-0.804689
-0.805112
-0.805641
-0.806083
-0.806563
-0.806963
-0.807343
-0.807679
-0.807990
-0.808259
-0.808555
-0.808770
-0.809022
-0.809207
-0.809399
-0.809538
-0.809647
-0.809702
-0.809709
-0.809673
-0.809598
-0.809526
-0.809436
-0.809371
-0.809313
-0.809287
-0.809290
-0.809329
-0.809420
-0.809550
-0.809748
-0.809985
-0.810263
-0.810547
-0.810812
-0.811048
-0.811237
-0.811383
-0.811476
-0.811527
-0.811541
-0.811530
-0.811508
-0.811490
-0.811491
-0.811530
-0.811622
-0.811794
-0.812051
-0.812430
-0.812895
-0.813469
-0.814047
-0.814653
-0.815207
-0.815681
-0.816073
-0.816376
-0.816575
-0.816696
-0.816707
-0.816607
-0.816399
-0.816060
-0.815621
-0.815072
-0.814472
-0.813884
-0.813405
-0.813028
-0.812776
-0.812642
-0.812617
-0.812686
-0.812843
-0.813062
-0.813372
-0.813657
-0.814038
-0.814262
-0.814484
-0.814643
-0.814736
-0.814923
-0.814973
-0.815130
-0.815136
-0.815147
-0.815150
-0.815150
-0.815151
-0.815174
-0.815172
-0.815169
-0.815167
-0.815165
-0.815164
-0.815162
-0.815159
-0.815105
-0.815109
-0.815113
-0.815117
-0.815123
-0.815255
-0.815251
-0.815241
-0.814955
-0.814964
-0.814972
-0.814979
-0.814986
-0.815000
-0.815186
-0.815181
-0.815176
-0.815171
-0.815163
-0.814969
-0.814973
-0.814976
-0.814980
-0.814994
-0.815000
-0.815002
-0.815009
-0.815071
-0.815068
-0.815060
-0.814864
-0.814868
-0.814871
-0.814874
-0.814877
-0.814880
-0.814883
-0.814886
-0.814903
-0.814904
-0.814905
-0.814906
-0.814907
-0.814908
-0.814915
-0.814914
-0.814914
-0.814914
-0.814913
-0.814913
-0.814913
-0.814911
-0.814819
-0.814788
-0.814692
-0.814466
-0.814184
-0.813888
-0.813656
-0.813476
-0.813337
-0.813164
-0.813005
-0.812820
-0.812598
-0.812349
-0.811970
-0.811622
-0.811173
-0.811113
-0.811125
-0.811199
-0.811210
-0.811219
-0.811229
-0.811317
-0.811320
-0.811323
-0.811326
-0.811329
-0.811332
-0.811335
-0.811358
-0.811399
-0.811416
-0.811697
-0.811676
-0.811657
-0.811638
-0.811605
-0.811336
-0.811334
-0.811332
-0.811317
-0.811164
-0.811170
-0.811192
-0.811664
-0.811645
-0.811628
-0.811611
-0.811595
-0.811581
-0.811566
-0.811550
-0.811374
-0.811370
-0.811367
-0.811364
-0.811359
-0.811209
-0.811214
-0.811219
-0.811224
-0.811229
-0.811233
-0.811237
-0.811241
-0.811245
-0.811248
-0.811253
-0.811363
-0.811360
-0.811357
-0.811354
-0.811351
-0.811349
-0.811346
-0.811344
-0.811342
-0.811340
-0.811338
-0.811336
-0.811334
-0.811332
-0.811331
-0.811329
-0.811328
-0.811326
-0.811325
-0.811324
-0.811322
-0.811321
-0.811306
-0.809514
-0.809587
-0.809657
-0.809724
-0.809787
-0.809848
-0.809906
-0.809962
-0.810015
-0.810065
-0.810113
-0.810159
-0.810203
-0.810244
-0.810284
-0.810322
-0.810357
-0.810392
-0.810424
-0.810455
-0.810484
-0.810512
-0.810539
-0.810564
-0.810588
-0.810610
-0.810632
-0.810653
-0.810672
-0.810691
-0.810708
-0.810725
-0.810741
-0.810756
-0.810770
-0.810784
-0.810796
-0.810809
-0.810820
-0.810831
-0.810842
-0.810851
-0.810861
-0.810870
-0.810878
-0.810886
-0.810894
-0.810901
-0.810908
-0.810914
-0.810920
-0.810926
-0.810932
-0.810937
-0.810942
-0.810947
-0.810951
-0.810966
-0.811725
-0.811687
-0.811651
-0.811617
-0.811585
-0.811555
-0.811526
-0.811499
-0.811474
-0.811449
-0.811426
-0.811405
-0.811384
-0.811365
-0.811345
-0.811265
-0.811250
-0.811238
-0.811226
-0.811171
-0.811151
-0.811144
-0.811117
-0.810751
-0.810766
-0.810781
-0.810795
-0.810818
-0.811260
-0.811250
-0.811240
-0.811229
-0.811145
-0.811141
-0.811136
-0.811132
-0.811128
-0.811125
-0.811117
-0.810769
-0.810757
-0.810787
-0.811042
-0.811116
-0.811525
-0.811515
-0.811457
-0.811329
-0.811227
-0.811011
-0.810898
-0.810578
-0.810562
-0.810673
-0.810697
-0.810720
-0.810741
-0.810761
-0.810781
-0.810799
-0.810816
-0.810833
-0.810849
-0.810864
-0.810878
-0.810892
-0.810905
-0.810920
-0.811101
-0.811104
-0.811106
-0.811109
-0.811111
-0.811113
-0.811115
-0.811117
-0.811119
-0.811121
-0.811124
-0.811289
-0.811283
-0.811278
-0.811273
-0.811268
-0.811263
-0.811259
-0.811254
-0.811250
-0.811247
-0.811243
-0.811240
-0.811237
-0.811234
-0.811231
-0.811228
-0.811225
-0.811223
-0.811221
-0.811218
-0.811216
-0.811214
-0.811213
-0.811211
-0.811209
-0.811208
-0.811206
-0.811205
-0.811203
-0.811202
-0.811201
-0.811200
-0.811199
-0.811198
-0.811197
-0.811196
-0.811195
-0.811194
-0.811193
-0.811192
-0.811192
-0.811191
-0.811190
-0.811190
-0.811189
-0.811189
-0.811188
-0.811188
-0.811187
-0.811187
-0.811186
-0.811186
-0.811186
-0.811185
-0.811185
-0.811184
-0.811133
-0.811135
-0.811138
-0.811140
-0.811142
-0.811144
-0.811146
-0.811148
-0.811150
-0.811152
-0.811153
-0.811155
-0.811156
-0.811158
-0.811159
-0.811160
-0.811161
-0.811162
-0.811163
-0.811164
-0.811165
-0.811166
-0.811167
-0.811168
-0.811169
-0.811169
-0.811170
-0.811171
-0.811171
-0.811172
-0.811172
-0.811177
-0.811857
-0.811818
-0.811780
-0.811658
-0.811620
-0.811590
-0.811312
-0.811206
-0.811042
-0.810974
-0.810904
-0.810685
-0.810632
-0.810529
-0.810503
-0.810556
-0.810705
-0.810939
-0.811165
-0.811388
-0.811563
-0.811697
-0.811796
-0.811861
-0.811898
-0.811908
-0.811896
-0.811865
-0.811817
-0.811757
-0.811694
-0.811633
-0.811595
-0.811586
-0.811615
-0.811693
-0.811776
-0.811892
-0.811977
-0.812071
-0.812128
-0.812175
-0.812263
-0.812314
-0.812406
-0.812440
-0.812548
-0.812545
-0.812509
-0.812504
-0.812500
-0.812496
-0.812492
-0.812489
-0.812483
-0.812387
-0.812392
-0.812396
-0.812400
-0.812405
-0.812424
-0.812691
-0.812681
-0.812672
-0.812663
-0.812640
-0.812378
-0.812384
-0.812389
-0.812395
-0.812418
-0.812674
-0.812665
-0.812656
-0.812634
-0.812218
-0.812232
-0.812245
-0.812258
-0.812270
-0.812281
-0.812294
-0.812382
-0.812388
-0.812394
-0.812399
-0.812405
-0.812410
-0.812414
-0.812427
-0.812957
-0.812933
-0.812911
-0.812890
-0.812870
-0.812851
-0.812833
-0.812816
-0.812760
-0.812726
-0.812710
-0.812560
-0.812555
-0.812553
-0.812544
-0.812182
-0.812199
-0.812214
-0.812230
-0.812279
-0.812298
-0.812311
-0.812407
-0.812416
-0.812425
-0.812591
-0.812622
-0.812734
-0.812776
-0.812823
-0.812879
-0.812898
-0.812870
-0.812782
-0.812574
-0.812380
-0.812225
-0.812150
-0.812124
-0.812138
-0.812185
-0.812256
-0.812355
-0.812480
-0.812640
-0.812835
-0.813087
-0.813399
-0.813817
-0.814344
-0.815068
-0.815774
-0.816313
-0.816614
-0.816728
-0.816710
-0.816605
-0.816443
-0.816235
-0.815990
-0.815698
-0.815383
-0.815030
-0.814616
-0.814190
-0.813755
-0.813379
-0.813098
-0.812921
-0.812833
-0.812814
-0.812845
-0.812910
-0.812998
-0.813111
-0.813229
-0.813369
-0.813510
-0.813668
-0.813831
-0.814010
-0.814184
-0.814377
-0.814561
-0.814748
-0.814940
-0.815120
-0.815308
-0.815487
-0.815678
-0.815861
-0.816060
-0.816258
-0.816456
-0.816644
-0.816814
-0.816944
-0.817030
-0.817073
-0.817081
-0.817065
-0.817032
-0.816987
-0.816934
-0.816873
-0.816806
-0.816733
-0.816654
-0.816574
-0.816500
-0.816436
-0.816384
-0.816345
-0.816316
-0.816294
-0.816277
-0.816260
-0.816242
-0.816218
-0.816184
-0.816139
-0.816077
-0.815997
-0.815906
-0.815799
-0.815687
-0.815565
-0.815442
-0.815310
-0.815187
-0.815064
-0.814966
-0.814890
-0.814859
-0.814881
-0.814968
-0.815145
-0.815399
-0.815777
-0.816221
-0.816792
-0.817360
-0.817979
-0.818503
-0.818986
-0.819345
-0.819627
-0.819798
-0.819879
-0.819860
-0.819736
-0.819519
-0.819182
-0.818783
-0.818286
-0.817817
-0.817339
-0.816972
-0.816676
-0.816501
-0.816414
-0.816415
-0.816485
-0.816595
-0.816737
-0.816867
-0.816976
-0.817026
-0.817002
-0.816890
-0.816663
-0.816359
-0.815944
-0.815512
-0.815035
-0.814633
-0.814284
-0.814078
-0.814012
-0.814113
-0.814407
-0.814852
-0.815502
-0.816244
-0.817154
-0.818058
-0.819043
-0.819912
-0.820745
-0.821370
-0.821846
-0.822071
-0.822070
-0.821850
-0.821404
-0.820844
-0.820134
-0.819437
-0.818700
-0.818072
-0.817496
-0.817077
-0.816769
-0.816620
-0.816604
-0.816708
-0.816925
-0.817186
-0.817488
-0.817735
-0.817922
-0.817983
-0.817906
-0.817698
-0.817337
-0.816906
-0.816374
-0.815864
-0.815341
-0.814923
-0.814587
-0.814418
-0.814425
-0.814636
-0.815109
-0.815761
-0.816689
-0.817658
-0.818775
-0.819757
-0.820719
-0.821469
-0.822107
-0.822529
-0.822792
-0.822854
-0.822720
-0.822419
-0.821915
-0.821345
-0.820653
-0.820043
-0.819445
-0.819006
-0.818657
-0.818457
-0.818362
-0.818372
-0.818467
-0.818605
-0.818774
-0.818904
-0.818977
-0.818943
-0.818775
-0.818499
-0.818073
-0.817595
-0.817003
-0.816430
-0.815807
-0.815273
-0.814764
-0.814399
-0.814136
-0.814042
-0.814110
-0.814327
-0.814721
-0.815176
-0.815743
-0.816247
-0.816745
-0.817099
-0.817355
-0.817455
-0.817413
-0.817241
-0.816915
-0.816513
-0.815980
-0.815457
-0.814876
-0.814407
-0.813986
-0.813737
-0.813618
-0.813656
-0.813845
-0.814123
-0.814519
-0.814923
-0.815381
-0.815764
-0.816113
-0.816314
-0.816372
-0.816248
-0.815899
-0.815423
-0.814736
-0.814050
-0.813248
-0.812559
-0.811859
-0.811331
-0.810881
-0.810628
-0.810532
-0.810624
-0.810925
-0.811351
-0.811977
-0.812619
-0.813396
-0.814083
-0.814814
-0.815373
-0.815871
-0.816151
-0.816273
-0.816208
-0.815963
-0.815642
-0.815202
-0.814798
-0.814367
-0.814051
-0.813808
-0.813736
-0.813851
-0.814147
-0.814722
-0.815394
-0.816338
-0.817230
-0.818300
-0.819207
-0.820188
-0.820945
-0.821675
-0.822152
-0.822505
-0.822620
-0.822541
-0.822316
-0.821907
-0.821490
-0.820979
-0.820578
-0.820197
-0.819987
-0.819905
-0.819998
-0.820307
-0.820732
-0.821414
-0.822091
-0.822990
-0.823734
-0.824583
-0.825165
-0.825688
-0.825927
-0.825977
-0.825828
-0.825444
-0.824994
-0.824335
-0.823743
-0.823014
-0.822468
-0.821910
-0.821632
-0.821550
-0.821745
-0.822357
-0.823058
-0.824253
-0.825296
-0.826797
-0.827990
-0.829584
-0.830763
-0.832280
-0.833285
-0.834506
-0.835164
-0.835830
-0.836047
-0.836078
-0.835949
-0.835564
-0.835283
-0.834757
-0.834500
-0.834062
-0.833968
-0.833958
-0.834042
-0.834795
-0.834915
-0.834964
-0.835346
-0.835360
-0.835373
-0.835384
-0.835395
-0.835406
-0.835417
-0.835534
-0.835534
-0.835533
-0.835532
-0.835531
-0.835529
-0.835527
-0.835525
-0.835523
-0.835521
-0.835517
-0.835424
-0.835415
-0.835406
-0.835397
-0.835388
-0.835380
-0.835372
-0.835364
-0.835356
-0.835348
-0.835340
-0.835333
-0.835325
-0.835318
-0.835311
-0.835303
-0.835297
-0.835290
-0.835283
-0.835276
-0.835270
-0.835263
-0.835257
-0.835237
-0.833836
-0.833524
-0.833002
-0.832974
-0.833001
-0.833106
-0.837594
-0.837508
-0.837426
-0.837346
-0.837268
-0.837192
-0.837119
-0.837048
-0.836979
-0.836912
-0.836847
-0.836784
-0.836722
-0.836662
-0.836604
-0.836547
-0.836443
-0.833789
-0.833810
-0.833830
-0.833849
-0.833871
-0.834080
-0.834087
-0.834094
-0.834100
-0.834106
-0.834112
-0.834118
-0.834123
-0.834127
-0.834132
-0.834169
-0.834980
-0.834920
-0.834862
-0.834807
-0.834754
-0.834703
-0.834648
-0.834308
-0.834276
-0.834245
-0.834215
-0.834186
-0.834158
-0.834099
-0.832339
-0.832389
-0.832438
-0.832485
-0.832530
-0.832573
-0.832616
-0.832717
-0.834148
-0.834130
-0.834113
-0.834096
-0.834079
-0.833973
-0.833944
-0.833933
-0.833911
-0.833081
-0.833090
-0.833128
-0.834030
-0.834012
-0.833994
-0.833977
-0.833961
-0.833945
-0.833930
-0.833901
-0.833279
-0.833287
-0.833295
-0.833302
-0.833310
-0.833319
-0.833467
-0.833482
-0.833483
-0.833494
-0.834195
-0.834136
-0.834079
-0.834024
-0.833971
-0.833920
-0.833871
-0.833824
-0.833778
-0.833735
-0.833692
-0.833652
-0.833612
-0.833575
-0.833538
-0.833503
-0.833470
-0.833437
-0.833406
-0.833376
-0.833347
-0.833319
-0.833292
-0.833266
-0.833241
-0.833217
-0.833194
-0.833171
-0.833150
-0.833129
-0.833109
-0.833090
-0.833071
-0.833042
-0.832435
-0.832433
-0.832440
-0.832690
-0.832685
-0.832680
-0.832675
-0.832670
-0.832665
-0.832659
-0.832576
-0.832570
-0.832548
-0.831182
-0.831219
-0.831254
-0.831289
-0.831322
-0.831355
-0.831387
-0.831418
-0.831448
-0.831478
-0.831506
-0.831534
-0.831561
-0.831587
-0.831612
-0.831637
-0.831660
-0.831683
-0.831705
-0.831727
-0.831747
-0.831768
-0.831787
-0.831806
-0.831824
-0.831842
-0.831873
-0.832411
-0.832408
-0.832404
-0.832401
-0.832398
-0.832375
-0.832372
-0.832370
-0.832368
-0.832366
-0.832362
-0.832269
-0.832270
-0.832271
-0.832271
-0.832272
-0.832273
-0.832274
-0.832275
-0.832276
-0.832276
-0.832277
-0.832278
-0.832279
-0.832279
-0.832283
-0.832540
-0.832533
-0.832526
-0.832519
-0.832512
-0.832505
-0.832499
-0.832492
-0.832486
-0.832479
-0.832473
-0.832467
-0.832461
-0.832455
-0.832449
-0.832443
-0.832438
-0.832432
-0.832427
-0.832422
-0.832417
-0.832412
-0.832406
-0.832370
-0.832366
-0.832362
-0.832358
-0.832354
-0.832350
-0.832344
-0.832181
-0.832175
-0.832168
-0.832094
-0.832100
-0.832105
-0.832110
-0.832137
-0.832144
-0.832147
-0.832153
-0.832390
-0.832378
-0.832367
-0.832356
-0.832346
-0.832337
-0.832324
-0.832180
-0.832166
-0.832116
-0.832119
-0.832122
-0.832124
-0.832127
-0.832129
-0.832137
-0.832542
-0.832520
-0.832500
-0.832481
-0.832450
-0.832326
-0.832297
-0.832169
-0.832121
-0.832001
-0.831949
-0.831823
-0.831770
-0.831667
-0.831619
-0.831600
-0.831630
-0.831703
-0.831781
-0.831863
-0.831944
-0.832020
-0.832091
-0.832158
-0.832222
-0.832277
-0.832336
-0.832386
-0.832441
-0.832484
-0.832531
-0.832559
-0.832586
-0.832612
-0.832643
-0.832680
-0.832726
-0.832780
-0.832846
-0.832923
-0.833008
-0.833100
-0.833196
-0.833278
-0.833334
-0.833353
-0.833338
-0.833295
-0.833228
-0.833154
-0.833082
-0.833017
-0.832972
-0.832945
-0.832944
-0.832972
-0.833022
-0.833122
-0.833217
-0.833374
-0.833443
-0.833474
-0.833747
-0.833740
-0.833733
-0.833726
-0.833690
-0.833678
-0.833674
-0.833660
-0.833119
-0.833140
-0.833161
-0.833180
-0.833199
-0.833217
-0.833234
-0.833251
-0.833267
-0.833282
-0.833296
-0.833310
-0.833323
-0.833336
-0.833350
-0.833463
-0.833470
-0.833476
-0.833482
-0.833488
-0.833500
-0.833901
-0.833888
-0.833876
-0.833864
-0.833853
-0.833836
-0.833538
-0.833542
-0.833546
-0.833573
-0.833593
-0.833598
-0.833660
-0.833659
-0.833657
-0.833656
-0.833654
-0.833653
-0.833652
-0.833651
-0.833650
-0.833649
-0.833648
-0.833647
-0.833646
-0.833645
-0.833644
-0.833639
-0.833126
-0.833150
-0.833174
-0.833196
-0.833217
-0.833237
-0.833256
-0.833275
-0.833292
-0.833309
-0.833325
-0.833340
-0.833355
-0.833369
-0.833382
-0.833395
-0.833415
-0.833600
-0.833603
-0.833606
-0.833643
-0.833740
-0.833808
-0.834255
-0.834231
-0.834045
-0.833994
-0.833914
-0.833734
-0.833603
-0.833402
-0.833262
-0.833048
-0.832892
-0.832676
-0.832525
-0.832410
-0.832406
-0.832499
-0.832640
-0.832822
-0.833010
-0.833208
-0.833402
-0.833594
-0.833781
-0.833958
-0.834121
-0.834272
-0.834383
-0.834457
-0.834476
-0.834450
-0.834398
-0.834329
-0.834261
-0.834193
-0.834142
-0.834108
-0.834103
-0.834134
-0.834196
-0.834291
-0.834393
-0.834505
-0.834604
-0.834696
-0.834763
-0.834805
-0.834812
-0.834778
-0.834701
-0.834583
-0.834428
-0.834251
-0.834055
-0.833858
-0.833663
-0.833492
-0.833351
-0.833260
-0.833226
-0.833255
-0.833342
-0.833473
-0.833641
-0.833825
-0.834021
-0.834215
-0.834407
-0.834589
-0.834762
-0.834918
-0.835055
-0.835161
-0.835233
-0.835266
-0.835270
-0.835256
-0.835233
-0.835208
-0.835183
-0.835163
-0.835146
-0.835135
-0.835127
-0.835120
-0.835109
-0.835090
-0.835060
-0.835018
-0.834960
-0.834887
-0.834798
-0.834696
-0.834581
-0.834463
-0.834335
-0.834220
-0.834106
-0.834013
-0.833942
-0.833904
-0.833907
-0.833952
-0.834039
-0.834152
-0.834284
-0.834422
-0.834566
-0.834706
-0.834841
-0.834960
-0.835064
-0.835140
-0.835188
-0.835200
-0.835174
-0.835113
-0.835020
-0.834911
-0.834787
-0.834662
-0.834534
-0.834406
-0.834260
-0.834119
-0.833942
-0.833753
-0.833525
-0.833278
-0.833000
-0.832721
-0.832421
-0.832119
-0.831800
-0.831489
-0.831178
-0.830895
-0.830635
-0.830412
-0.830217
-0.830058
-0.829927
-0.829832
-0.829771
-0.829751
-0.829774
-0.829834
-0.829923
-0.830021
-0.830120
-0.830204
-0.830269
-0.830308
-0.830318
-0.830294
-0.830234
-0.830140
-0.830004
-0.829836
-0.829636
-0.829410
-0.829169
-0.828926
-0.828695
-0.828502
-0.828312
-0.828171
-0.828041
-0.827941
-0.827849
-0.827783
-0.827681
-0.827609
-0.827467
-0.827362
-0.827106
-0.826960
-0.826462
-0.826362
-0.825879
-0.825785
-0.825534
-0.825478
-0.825365
-0.825359
-0.825433
-0.825467
-0.825674
-0.825732
-0.825932
-0.825965
-0.826031
-0.826020
-0.825859
-0.825794
-0.825508
-0.825423
-0.825038
-0.824967
-0.824648
-0.824544
-0.824383
-0.824339
-0.824326
-0.824341
-0.824370
-0.824502
-0.824515
-0.824555
-0.824548
-0.824541
-0.824534
-0.824528
-0.824513
-0.823956
-0.823971
-0.823985
-0.824008
-0.824425
-0.824417
-0.824399
-0.823909
-0.823920
-0.823997
-0.824012
-0.824034
-0.824262
-0.824272
-0.824281
-0.824270
-0.824244
-0.824081
-0.823929
-0.823575
-0.823276
-0.822875
-0.822592
-0.822324
-0.822114
-0.821921
-0.821752
-0.821585
-0.821430
-0.821261
-0.821094
-0.820935
-0.820805
-0.820702
-0.820617
-0.820549
-0.820487
-0.820426
-0.820356
-0.820282
-0.820192
-0.820089
-0.819974
-0.819856
-0.819732
-0.819621
-0.819519
-0.819438
-0.819371
-0.819323
-0.819288
-0.819266
-0.819254
-0.819249
-0.819250
-0.819257
-0.819267
-0.819280
-0.819290
-0.819304
-0.819314
-0.819328
-0.819339
-0.819356
-0.819372
-0.819397
-0.819421
-0.819455
-0.819486
-0.819521
-0.819552
-0.819583
-0.819607
-0.819638
-0.819664
-0.819702
-0.819739
-0.819796
-0.819853
-0.819937
-0.820022
-0.820139
-0.820259
-0.820410
-0.820563
-0.820741
-0.820896
-0.821064
-0.821204
-0.821346
-0.821466
-0.821592
-0.821698
-0.821835
-0.821950
-0.822111
-0.822247
-0.822437
-0.822594
-0.822811
-0.822995
-0.823246
-0.823466
-0.823763
-0.824027
-0.824363
-0.824659
-0.825003
-0.825304
-0.825625
-0.825912
-0.826202
-0.826446
-0.826686
-0.826873
-0.827043
-0.827168
-0.827278
-0.827365
-0.827449
-0.827524
-0.827624
-0.827724
-0.827865
-0.828019
-0.828210
-0.828396
-0.828596
-0.828783
-0.828959
-0.829120
-0.829289
-0.829432
-0.829578
-0.829714
-0.829836
-0.829935
-0.830010
-0.830053
-0.830069
-0.830062
-0.830036
-0.829999
-0.829950
-0.829893
-0.829841
-0.829781
-0.829740
-0.829695
-0.829675
-0.829666
-0.829600
-0.829596
-0.829591
-0.829586
-0.829567
-0.829545
-0.829532
-0.829312
-0.829308
-0.829304
-0.829299
-0.829259
-0.829255
-0.829251
-0.829247
-0.829243
-0.829239
-0.829234
-0.829168
-0.829165
-0.829161
-0.829157
-0.829153
-0.829149
-0.829145
-0.829141
-0.829137
-0.829133
-0.829129
-0.829121
-0.828850
-0.828846
-0.828842
-0.828838
-0.828835
-0.828831
-0.828827
-0.828823
-0.828819
-0.828816
-0.828812
-0.828808
-0.828804
-0.828801
-0.828797
-0.828793
-0.828789
-0.828786
-0.828782
-0.828778
-0.828774
-0.828771
-0.828767
-0.828763
-0.828759
-0.828756
-0.828752
-0.828748
-0.828745
-0.828741
-0.828737
-0.828734
-0.828730
-0.828726
-0.828722
-0.828719
-0.828713
-0.828570
-0.828566
-0.828563
-0.828559
-0.828556
-0.828552
-0.828546
-0.828340
-0.828336
-0.828333
-0.828330
-0.828326
-0.828323
-0.828319
-0.828316
-0.828313
-0.828309
-0.828306
-0.828303
-0.828299
-0.828296
-0.828293
-0.828289
-0.828281
-0.827779
-0.827776
-0.827774
-0.827771
-0.827768
-0.827765
-0.827762
-0.827759
-0.827756
-0.827753
-0.827750
-0.827747
-0.827745
-0.827742
-0.827739
-0.827736
-0.827733
-0.827730
-0.827727
-0.827724
-0.827721
-0.827719
-0.827716
-0.827713
-0.827710
-0.827707
-0.827704
-0.827701
-0.827698
-0.827696
-0.827693
-0.827690
-0.827687
-0.827684
-0.827681
-0.827678
-0.827676
-0.827673
-0.827670
-0.827667
-0.827664
-0.827661
-0.827659
-0.827656
-0.827653
-0.827650
-0.827647
-0.827644
-0.827642
-0.827639
-0.827636
-0.827633
-0.827630
-0.827627
-0.827625
-0.827622
-0.827619
-0.827616
-0.827613
-0.827611
-0.827608
-0.827605
-0.827602
-0.827599
-0.827597
-0.827594
-0.827591
-0.827588
-0.827585
-0.827583
-0.827580
-0.827577
-0.827574
-0.827571
-0.827569
-0.827566
-0.827563
-0.827557
-0.827324
-0.827322
-0.827319
-0.827317
-0.827314
-0.827311
-0.827309
-0.827306
-0.827303
-0.827301
-0.827298
-0.827296
-0.827293
-0.827290
-0.827288
-0.827285
-0.827283
-0.827280
-0.827277
-0.827275
-0.827272
-0.827270
-0.827267
-0.827264
-0.827257
-0.826753
-0.826750
-0.826748
-0.826746
-0.826743
-0.826741
-0.826739
-0.826737
-0.826734
-0.826732
-0.826730
-0.826728
-0.826725
-0.826723
-0.826721
-0.826719
-0.826716
-0.826714
-0.826712
-0.826710
-0.826707
-0.826705
-0.826703
-0.826701
-0.826698
-0.826696
-0.826694
-0.826692
-0.826689
-0.826687
-0.826685
-0.826683
-0.826680
-0.826678
-0.826676
-0.826674
-0.826671
-0.826669
-0.826667
-0.826665
-0.826663
-0.826660
-0.826658
-0.826656
-0.826654
-0.826651
-0.826649
-0.826647
-0.826645
-0.826643
-0.826640
-0.826638
-0.826636
-0.826634
-0.826632
-0.826629
-0.826627
-0.826625
-0.826623
-0.826620
-0.826618
-0.826616
-0.826614
-0.826612
-0.826609
-0.826607
-0.826605
-0.826603
-0.826601
-0.826598
-0.826596
-0.826594
-0.826592
-0.826590
-0.826588
-0.826585
-0.826583
-0.826581
-0.826579
-0.826577
-0.826574
-0.826572
-0.826570
-0.826568
-0.826566
-0.826564
-0.826561
-0.826559
-0.826557
-0.826555
-0.826553
-0.826550
-0.826547
-0.826464
-0.825577
-0.825360
-0.823930
-0.823859
-0.823687
-0.822180
-0.822175
-0.822173
-0.822156
-0.821494
-0.821493
-0.821492
-0.821491
-0.821490
-0.821490
-0.821489
-0.821488
-0.821488
-0.821487
-0.821483
-0.821483
-0.821483
-0.821482
-0.821482
-0.821480
-0.821481
-0.821481
-0.821481
-0.821481
-0.821481
-0.821482
-0.821482
-0.821482
-0.821482
-0.821482
-0.821483
-0.821484
-0.821536
-0.821536
-0.821536
-0.821535
-0.821535
-0.821535
-0.821534
-0.821534
-0.821533
-0.821533
-0.821532
-0.821531
-0.821531
-0.821530
-0.821529
-0.821526
-0.821494
-0.821492
-0.821489
-0.821470
-0.820848
-0.820852
-0.820857
-0.820861
-0.820866
-0.820870
-0.820874
-0.820878
-0.820881
-0.820885
-0.820889
-0.820893
-0.820956
-0.820977
-0.821014
-0.821022
-0.821023
-0.821029
-0.821028
-0.821028
-0.821027
-0.821027
-0.821026
-0.821026
-0.821025
-0.821025
-0.821025
-0.821024
-0.821020
-0.820763
-0.820768
-0.820773
-0.820777
-0.820781
-0.820785
-0.820789
-0.820792
-0.820795
-0.820798
-0.820801
-0.820804
-0.820806
-0.820809
-0.820811
-0.820813
-0.820815
-0.820817
-0.820818
-0.820820
-0.820821
-0.820822
-0.820824
-0.820825
-0.820825
-0.820826
-0.820831
-0.820831
-0.820831
-0.820831
-0.820831
-0.820831
-0.820830
-0.820801
-0.820795
-0.820790
-0.820785
-0.820780
-0.820776
-0.820771
-0.820767
-0.820763
-0.820756
-0.820621
-0.820620
-0.820619
-0.820600
-0.820595
-0.820566
-0.820564
-0.820563
-0.820561
-0.820560
-0.820558
-0.820556
-0.820518
-0.820518
-0.820518
-0.820517
-0.820497
-0.820497
-0.820496
-0.820496
-0.820496
-0.820496
-0.820493
-0.820493
-0.820493
-0.820492
-0.820492
-0.820492
-0.820488
-0.820488
-0.820487
-0.820487
-0.820486
-0.820486
-0.820486
-0.820485
-0.820415
-0.820415
-0.820414
-0.820413
-0.820413
-0.820412
-0.820412
-0.820409
-0.820409
-0.820409
-0.820409
-0.820408
-0.820408
-0.820408
-0.820408
-0.820407
-0.820379
-0.820378
-0.820377
-0.820365
-0.820364
-0.820364
-0.820363
-0.820363
-0.820349
-0.820345
-0.820330
-0.820324
-0.820319
-0.820216
-0.820215
-0.820215
-0.820214
-0.820214
-0.820213
-0.820213
-0.820212
-0.820212
-0.820211
-0.820177
-0.820177
-0.820177
-0.820178
-0.820178
-0.820178
-0.820178
-0.820178
-0.820182
-0.820182
-0.820181
-0.820181
-0.820169
-0.820166
-0.820156
-0.820154
-0.820153
-0.820151
-0.820151
-0.820151
-0.820150
-0.820150
-0.820150
-0.820141
-0.820140
-0.820133
-0.820132
-0.820132
-0.820132
-0.820131
-0.820130
-0.820128
-0.820124
-0.820122
-0.820107
-0.820106
-0.820105
-0.820105
-0.820104
-0.820101
-0.820100
-0.820100
-0.820064
-0.820064
-0.820065
-0.820065
-0.820065
-0.820065
-0.820065
-0.820065
-0.820065
-0.820064
-0.820063
-0.820063
-0.820060
-0.820059
-0.820059
-0.820053
-0.820051
-0.820047
-0.820044
-0.820041
-0.820005
-0.820005
-0.820006
-0.820006
-0.820007
-0.820008
-0.820008
-0.820009
-0.820009
-0.820009
-0.820009
-0.820009
-0.820007
-0.820006
-0.820006
-0.820006
-0.820006
-0.820005
-0.820004
-0.819987
-0.819987
-0.819987
-0.819987
-0.819987
-0.819987
-0.819987
-0.819987
-0.819987
-0.819987
-0.819987
-0.819986
-0.819985
-0.819983
-0.819977
-0.819976
-0.819970
-0.819969
-0.819969
-0.819969
-0.819968
-0.819968
-0.819968
-0.819967
-0.819967
-0.819967
-0.819967
-0.819965
-0.819964
-0.819964
-0.819964
-0.819963
-0.819935
-0.819935
-0.819936
-0.819936
-0.819936
-0.819937
-0.819938
-0.819938
-0.819937
-0.819937
-0.819937
-0.819937
-0.819937
-0.819937
-0.819937
-0.819936
-0.819936
-0.819936
-0.819936
-0.819936
-0.819936
-0.819934
-0.819466
-0.819465
-0.819464
-0.819463
-0.819462
-0.819461
-0.819460
-0.819459
-0.819458
-0.819457
-0.819456
-0.819456
-0.819455
-0.819454
-0.819454
-0.819453
-0.819453
-0.819452
-0.819452
-0.819451
-0.819451
-0.819451
-0.819450
-0.819450
-0.819450
-0.819449
-0.819449
-0.819449
-0.819449
-0.819448
-0.819448
-0.819448
-0.819448
-0.819448
-0.819448
-0.819448
-0.819447
-0.819447
-0.819447
-0.819447
-0.819447
-0.819447
-0.819447
-0.819447
-0.819447
-0.819447
-0.819447
-0.819447
-0.819447
-0.819447
-0.819447
-0.819447
-0.819447
-0.819447
-0.819447
-0.819447
-0.819447
-0.819448
-0.819448
-0.819448
-0.819448
-0.819448
-0.819448
-0.819448
-0.819448
-0.819448
-0.819448
-0.819448
-0.819448
-0.819448
-0.819449
-0.819449
-0.819449
-0.819449
-0.819449
-0.819449
-0.819449
-0.819449
-0.819449
-0.819450
-0.819450
-0.819450
-0.819450
-0.819450
-0.819450
-0.819450
-0.819450
-0.819450
-0.819451
-0.819451
-0.819453
-0.819709
-0.819711
-0.819713
-0.819715
-0.819716
-0.819718
-0.819719
-0.819721
-0.819722
-0.819723
-0.819725
-0.819726
-0.819727
-0.819728
-0.819730
-0.819731
-0.819732
-0.819733
-0.819734
-0.819735
-0.819736
-0.819737
-0.819738
-0.819739
-0.819739
-0.819740
-0.819741
-0.819742
-0.819743
-0.819744
-0.819744
-0.819745
-0.819746
-0.819746
-0.819747
-0.819748
-0.819748
-0.819749
-0.819750
-0.819750
-0.819751
-0.819751
-0.819752
-0.819752
-0.819753
-0.819754
-0.819754
-0.819755
-0.819755
-0.819756
-0.819756
-0.819757
-0.819757
-0.819758
-0.819805
-0.819805
-0.819805
-0.819804
-0.819804
-0.819803
-0.819792
-0.819792
-0.819792
-0.819792
-0.819792
-0.819791
-0.819790
-0.819790
-0.819789
-0.819789
-0.819788
-0.819788
-0.819787
-0.819787
-0.819786
-0.819783
-0.819780
-0.819776
-0.819773
-0.819766
-0.819762
-0.819743
-0.819742
-0.819739
-0.819738
-0.819738
-0.819737
-0.819737
-0.819736
-0.819734
-0.819732
-0.819729
-0.819600
-0.819599
-0.819598
-0.819597
-0.819596
-0.819596
-0.819595
-0.819594
-0.819594
-0.819593
-0.819590
-0.819590
-0.819589
-0.819588
-0.819580
-0.819580
-0.819580
-0.819580
-0.819579
-0.819578
-0.819578
-0.819578
-0.819578
-0.819578
-0.819577
-0.819577
-0.819577
-0.819577
-0.819576
-0.819576
-0.819576
-0.819576
-0.819576
-0.819575
-0.819575
-0.819575
-0.819575
-0.819575
-0.819574
-0.819574
-0.819574
-0.819573
-0.819496
-0.819497
-0.819497
-0.819498
-0.819506
-0.819506
-0.819507
-0.819517
-0.819517
-0.819516
-0.819504
-0.819504
-0.819504
-0.819499
-0.819499
-0.819499
-0.819499
-0.819499
-0.819499
-0.819499
-0.819499
-0.819499
-0.819499
-0.819498
-0.819498
-0.819498
-0.819498
-0.819498
-0.819498
-0.819498
-0.819498
-0.819498
-0.819498
-0.819498
-0.819497
-0.819461
-0.819461
-0.819461
-0.819461
-0.819461
-0.819461
-0.819461
-0.819461
-0.819461
-0.819460
-0.819460
-0.819460
-0.819460
-0.819460
-0.819460
-0.819460
-0.819459
-0.819459
-0.819459
-0.819459
-0.819459
-0.819456
-0.819455
-0.819451
-0.819451
-0.819451
-0.819451
-0.819451
-0.819451
-0.819450
-0.819450
-0.819450
-0.819450
-0.819449
-0.819449
-0.819449
-0.819449
-0.819445
-0.819445
-0.819445
-0.819445
-0.819445
-0.819445
-0.819445
-0.819445
-0.819445
-0.819445
-0.819445
-0.819444
-0.819444
-0.819444
-0.819444
-0.819444
-0.819444
-0.819444
-0.819444
-0.819444
-0.819444
-0.819444
-0.819444
-0.819443
-0.819438
-0.819438
-0.819438
-0.819437
-0.819437
-0.819437
-0.819437
-0.819437
-0.819437
-0.819437
-0.819437
-0.819437
-0.819437
-0.819437
-0.819437
-0.819437
-0.819437
-0.819437
-0.819437
-0.819437
-0.819437
-0.819436
-0.819436
-0.819436
-0.819436
-0.819436
-0.819436
-0.819436
-0.819436
-0.819436
-0.819436
-0.819436
-0.819436
-0.819436
-0.819436
-0.819435
-0.819399
-0.819399
-0.819399
-0.819399
-0.819399
-0.819398
-0.819398
-0.819396
-0.819396
-0.819396
-0.819381
-0.819378
-0.819375
-0.819191
-0.819194
-0.819198
-0.819202
-0.819205
-0.819208
-0.819213
-0.819241
-0.819244
-0.819254
-0.819256
-0.819257
-0.819258
-0.819278
-0.819278
-0.819279
-0.819279
-0.819279
-0.819280
-0.819280
-0.819280
-0.819281
-0.819281
-0.819281
-0.819289
-0.819288
-0.819288
-0.819288
-0.819288
-0.819288
-0.819288
-0.819288
-0.819288
-0.819285
-0.818541
-0.818558
-0.818574
-0.818590
-0.818604
-0.818619
-0.818632
-0.818645
-0.818658
-0.818670
-0.818681
-0.818692
-0.818702
-0.818712
-0.818722
-0.818731
-0.818740
-0.818748
-0.818756
-0.818764
-0.818771
-0.818778
-0.818785
-0.818791
-0.818798
-0.818804
-0.818809
-0.818815
-0.818820
-0.818825
-0.818830
-0.818834
-0.818839
-0.818843
-0.818847
-0.818851
-0.818854
-0.818858
-0.818861
-0.818865
-0.818868
-0.818871
-0.818874
-0.818876
-0.818879
-0.818882
-0.818884
-0.818886
-0.818889
-0.818891
-0.818893
-0.818895
-0.818897
-0.818899
-0.818900
-0.818902
-0.818904
-0.818905
-0.818907
-0.818908
-0.818909
-0.818911
-0.818912
-0.818913
-0.818914
-0.818915
-0.818916
-0.818918
-0.818919
-0.818920
-0.818920
-0.818921
-0.818922
-0.818923
-0.818924
-0.818925
-0.818925
-0.818926
-0.818927
-0.818928
-0.818928
-0.818929
-0.818929
-0.818930
-0.818931
-0.818931
-0.818932
-0.818932
-0.818933
-0.818933
-0.818934
-0.818934
-0.818935
-0.818935
-0.818936
-0.818936
-0.818937
-0.818937
-0.818938
-0.818938
-0.818939
-0.818939
-0.818939
-0.818940
-0.818940
-0.818941
-0.818941
-0.818941
-0.818942
-0.818942
-0.818943
-0.818943
-0.818943
-0.818944
-0.818944
-0.818945
-0.818945
-0.818945
-0.818946
-0.818947
-0.819000
-0.819001
-0.819001
-0.819002
-0.819004
-0.819155
-0.819163
-0.819170
-0.819177
-0.819183
-0.819190
-0.819196
-0.819201
-0.819207
-0.819212
-0.819218
-0.819222
-0.819227
-0.819232
-0.819236
-0.819240
-0.819244
-0.819248
-0.819251
-0.819255
-0.819258
-0.819261
-0.819266
-0.819358
-0.819356
-0.819355
-0.819353
-0.819274
-0.819274
-0.819275
-0.819276
-0.819277
-0.819277
-0.819278
-0.819284
-0.819286
-0.819286
-0.819286
-0.819277
-0.819273
-0.819269
-0.819249
-0.819245
-0.819242
-0.819239
-0.819220
-0.819218
-0.819216
-0.819214
-0.819211
-0.819100
-0.819101
-0.819105
-0.819196
-0.819193
-0.819191
-0.819184
-0.819006
-0.819010
-0.819014
-0.819018
-0.819022
-0.819026
-0.819030
-0.819033
-0.819036
-0.819041
-0.819109
-0.819110
-0.819111
-0.819134
-0.819132
-0.819129
-0.819127
-0.819124
-0.819122
-0.819120
-0.819118
-0.819116
-0.819114
-0.819112
-0.819110
-0.819108
-0.819106
-0.819105
-0.819103
-0.819102
-0.819100
-0.819099
-0.819097
-0.819096
-0.819095
-0.819094
-0.819092
-0.819085
-0.818629
-0.818644
-0.818658
-0.818671
-0.818684
-0.818696
-0.818708
-0.818719
-0.818730
-0.818740
-0.818750
-0.818759
-0.818769
-0.818777
-0.818785
-0.818793
-0.818801
-0.818808
-0.818815
-0.818822
-0.818828
-0.818834
-0.818840
-0.818845
-0.818851
-0.818856
-0.818863
-0.818971
-0.818973
-0.818975
-0.819059
-0.819053
-0.819047
-0.819042
-0.819036
-0.819031
-0.819026
-0.819022
-0.819017
-0.819013
-0.819008
-0.818963
-0.818958
-0.818956
-0.818947
-0.818923
-0.818905
-0.818869
-0.818850
-0.818797
-0.818795
-0.818814
-0.818817
-0.818820
-0.818823
-0.818826
-0.818829
-0.818832
-0.818834
-0.818836
-0.818839
-0.818841
-0.818843
-0.818845
-0.818855
-0.818859
-0.818860
-0.818864
-0.818970
-0.818965
-0.818961
-0.818957
-0.818954
-0.818950
-0.818946
-0.818943
-0.818940
-0.818937
-0.818933
-0.818861
-0.818859
-0.818856
-0.818701
-0.818706
-0.818710
-0.818714
-0.818718
-0.818721
-0.818725
-0.818728
-0.818732
-0.818735
-0.818738
-0.818741
-0.818743
-0.818746
-0.818748
-0.818751
-0.818753
-0.818755
-0.818757
-0.818760
-0.818785
-0.818793
-0.818799
-0.818816
-0.818823
-0.818843
-0.818842
-0.818826
-0.818825
-0.818823
-0.818821
-0.818820
-0.818818
-0.818816
-0.818794
-0.818794
-0.818793
-0.818793
-0.818792
-0.818792
-0.818791
-0.818787
-0.818771
-0.818761
-0.818733
-0.818729
-0.818714
-0.818715
-0.818716
-0.818717
-0.818718
-0.818719
-0.818720
-0.818739
-0.818743
-0.818756
-0.818760
-0.818765
-0.818766
-0.818758
-0.818749
-0.818715
-0.818699
-0.818686
-0.818660
-0.818648
-0.818630
-0.818622
-0.818610
-0.818605
-0.818598
-0.818596
-0.818593
-0.818593
-0.818594
-0.818595
-0.818595
-0.818593
-0.818586
-0.818577
-0.818558
-0.818540
-0.818516
-0.818492
-0.818465
-0.818438
-0.818412
-0.818387
-0.818368
-0.818368
-0.818369
-0.818395
-0.818395
-0.818394
-0.818394
-0.818394
-0.818393
-0.818392
-0.818355
-0.818355
-0.818355
-0.818355
-0.818355
-0.818355
-0.818355
-0.818355
-0.818355
-0.818355
-0.818353
-0.818353
-0.818351
-0.818350
-0.818345
-0.818341
-0.818326
-0.818316
-0.818288
-0.818282
-0.818281
-0.818276
-0.818275
-0.818274
-0.818272
-0.818263
-0.818259
-0.818252
-0.818248
-0.818243
-0.818239
-0.818235
-0.818233
-0.818232
-0.818216
-0.818217
-0.818218
-0.818220
-0.818221
-0.818222
-0.818223
-0.818225
-0.818226
-0.818227
-0.818229
-0.818238
-0.818241
-0.818252
-0.818254
-0.818263
-0.818266
-0.818271
-0.818271
-0.818271
-0.818254
-0.818254
-0.818254
-0.818254
-0.818254
-0.818254
-0.818253
-0.818253
-0.818253
-0.818253
-0.818253
-0.818253
-0.818252
-0.818252
-0.818252
-0.818240
-0.818240
-0.818240
-0.818241
-0.818241
-0.818241
-0.818241
-0.818241
-0.818241
-0.818241
-0.818242
-0.818242
-0.818242
-0.818242
-0.818242
-0.818242
-0.818242
-0.818242
-0.818242
-0.818244
-0.818244
-0.818244
-0.818244
-0.818243
-0.818187
-0.818184
-0.818181
-0.818178
-0.818175
-0.818172
-0.818169
-0.818166
-0.818164
-0.818161
-0.818159
-0.818156
-0.818154
-0.818151
-0.818149
-0.818147
-0.818145
-0.818142
-0.818140
-0.818138
-0.818136
-0.818134
-0.818132
-0.818130
-0.818128
-0.818127
-0.818125
-0.818123
-0.818121
-0.818120
-0.818118
-0.818116
-0.818115
-0.818113
-0.818111
-0.818110
-0.818108
-0.818107
-0.818105
-0.818104
-0.818102
-0.818101
-0.818100
-0.818098
-0.818097
-0.818095
-0.818094
-0.818093
-0.818091
-0.818090
-0.818089
-0.818088
-0.818086
-0.818085
-0.818084
-0.818083
-0.818082
-0.818080
-0.818079
-0.818078
-0.818077
-0.818076
-0.818075
-0.818074
-0.818072
-0.818071
-0.818070
-0.818069
-0.818068
-0.818066
-0.817971
-0.817970
-0.817970
-0.817970
-0.817969
-0.817962
-0.817961
-0.817961
-0.817960
-0.817960
-0.817959
-0.817958
-0.817946
-0.817945
-0.817945
-0.817944
-0.817944
-0.817943
-0.817943
-0.817942
-0.817942
-0.817941
-0.817939
-0.817668
-0.817607
-0.817455
-0.817445
-0.817445
-0.817447
-0.817484
-0.817485
-0.817485
-0.817486
-0.817486
-0.817487
-0.817487
-0.817488
-0.817490
-0.817504
-0.817508
-0.817535
-0.817535
-0.817536
-0.817538
-0.817538
-0.817538
-0.817538
-0.817538
-0.817539
-0.817539
-0.817539
-0.817556
-0.817555
-0.817555
-0.817554
-0.817554
-0.817554
-0.817553
-0.817553
-0.817550
-0.817550
-0.817550
-0.817549
-0.817549
-0.817548
-0.817543
-0.817540
-0.817532
-0.817528
-0.817511
-0.817511
-0.817512
-0.817513
-0.817513
-0.817518
-0.817518
-0.817518
-0.817516
-0.817515
-0.817515
-0.817515
-0.817514
-0.817514
-0.817495
-0.817495
-0.817495
-0.817495
-0.817495
-0.817495
-0.817495
-0.817495
-0.817494
-0.817494
-0.817494
-0.817494
-0.817494
-0.817494
-0.817494
-0.817494
-0.817493
-0.817493
-0.817493
-0.817493
-0.817493
-0.817493
-0.817492
-0.817492
-0.817492
-0.817492
-0.817492
-0.817492
-0.817491
-0.817491
-0.817491
-0.817491
-0.817491
-0.817490
-0.817476
-0.817476
-0.817476
-0.817475
-0.817475
-0.817475
-0.817474
-0.817474
-0.817474
-0.817474
-0.817473
-0.817473
-0.817473
-0.817472
-0.817472
-0.817472
-0.817472
-0.817471
-0.817471
-0.817471
-0.817471
-0.817470
-0.817470
-0.817470
-0.817470
-0.817469
-0.817469
-0.817469
-0.817469
-0.817468
-0.817468
-0.817468
-0.817468
-0.817467
-0.817461
-0.816480
-0.816482
-0.816484
-0.816486
-0.816488
-0.816489
-0.816491
-0.816492
-0.816494
-0.816495
-0.816497
-0.816498
-0.816499
-0.816500
-0.816501
-0.816502
-0.816503
-0.816504
-0.816505
-0.816506
-0.816506
-0.816507
-0.816508
-0.816508
-0.816509
-0.816509
-0.816510
-0.816510
-0.816511
-0.816511
-0.816511
-0.816512
-0.816512
-0.816512
-0.816513
-0.816513
-0.816513
-0.816513
-0.816513
-0.816513
-0.816514
-0.816514
-0.816514
-0.816514
-0.816514
-0.816514
-0.816514
-0.816514
-0.816514
-0.816514
-0.816514
-0.816514
-0.816514
-0.816513
-0.816513
-0.816513
-0.816513
-0.816513
-0.816513
-0.816513
-0.816513
-0.816512
-0.816512
-0.816512
-0.816512
-0.816512
-0.816512
-0.816511
-0.816511
-0.816511
-0.816511
-0.816510
-0.816510
-0.816510
-0.816509
-0.816448
-0.816447
-0.816445
-0.816444
-0.816443
-0.816442
-0.816441
-0.816440
-0.816439
-0.816438
-0.816438
-0.816437
-0.816436
-0.816435
-0.816435
-0.816434
-0.816433
-0.816433
-0.816431
-0.816417
-0.816417
-0.816418
-0.816418
-0.816422
-0.816422
-0.816422
-0.816423
-0.816423
-0.816423
-0.816423
-0.816423
-0.816423
-0.816423
-0.816423
-0.816423
-0.816423
-0.816423
-0.816423
-0.816423
-0.816423
-0.816423
-0.816424
-0.816429
-0.816429
-0.816429
-0.816429
-0.816430
-0.816430
-0.816430
-0.816430
-0.816430
-0.816430
-0.816430
-0.816430
-0.816431
-0.816431
-0.816431
-0.816431
-0.816431
-0.816431
-0.816431
-0.816431
-0.816432
-0.816432
-0.816432
-0.816432
-0.816464
-0.816464
-0.816464
-0.816464
-0.816464
-0.816464
-0.816464
-0.816463
-0.816463
-0.816463
-0.816463
-0.816463
-0.816463
-0.816463
-0.816463
-0.816463
-0.816463
-0.816463
-0.816463
-0.816463
-0.816463
-0.816463
-0.816463
-0.816463
-0.816463
-0.816463
-0.816463
-0.816464
-0.816464
-0.816464
-0.816464
-0.816464
-0.816464
-0.816464
-0.816464
-0.816464
-0.816464
-0.816464
-0.816464
-0.816464
-0.816464
-0.816464
-0.816464
-0.816464
-0.816464
-0.816464
-0.816465
-0.816465
-0.816465
-0.816465
-0.816465
-0.816465
-0.816465
-0.816465
-0.816465
-0.816465
-0.816470
-0.816470
-0.816470
-0.816471
-0.816471
-0.816488
-0.816488
-0.816488
-0.816488
-0.816488
-0.816488
-0.816488
-0.816488
-0.816488
-0.816488
-0.816488
-0.816488
-0.816488
-0.816488
-0.816488
-0.816488
-0.816488
-0.816488
-0.816488
-0.816488
-0.816488
-0.816488
-0.816488
-0.816488
-0.816488
-0.816488
-0.816488
-0.816488
-0.816488
-0.816488
-0.816488
-0.816488
-0.816488
-0.816488
-0.816488
-0.816489
-0.816489
-0.816489
-0.816489
-0.816489
-0.816489
-0.816489
-0.816489
-0.816489
-0.816489
-0.816489
-0.816489
-0.816489
-0.816489
-0.816489
-0.816489
-0.816489
-0.816489
-0.816490
-0.816490
-0.816490
-0.816490
-0.816490
-0.816490
-0.816490
-0.816490
-0.816490
-0.816490
-0.816490
-0.816490
-0.816490
-0.816493
-0.817774
-0.817779
-0.817784
-0.817789
-0.817794
-0.817798
-0.817803
-0.817807
-0.817811
-0.817815
-0.817819
-0.817822
-0.817826
-0.817829
-0.817832
-0.817835
-0.817838
-0.817841
-0.817843
-0.817846
-0.817848
-0.817851
-0.817853
-0.817855
-0.817857
-0.817859
-0.817861
-0.817862
-0.817864
-0.817866
-0.817867
-0.817869
-0.817870
-0.817871
-0.817873
-0.817874
-0.817875
-0.817876
-0.817877
-0.817878
-0.817879
-0.817880
-0.817881
-0.817882
-0.817883
-0.817884
-0.817884
-0.817885
-0.817886
-0.817887
-0.817887
-0.817888
-0.817888
-0.817889
-0.817889
-0.817890
-0.817890
-0.817891
-0.817891
-0.817892
-0.817892
-0.817893
-0.817893
-0.817893
-0.817894
-0.817894
-0.817894
-0.817895
-0.817895
-0.817895
-0.817895
-0.817896
-0.817896
-0.817896
-0.817896
-0.817897
-0.817897
-0.817897
-0.817897
-0.817897
-0.817897
-0.817898
-0.817898
-0.817898
-0.817898
-0.817898
-0.817898
-0.817898
-0.817898
-0.817899
-0.817899
-0.817899
-0.817899
-0.817899
-0.817899
-0.817899
-0.817899
-0.817899
-0.817899
-0.817899
-0.817899
-0.817899
-0.817899
-0.817899
-0.817899
-0.817899
-0.817899
-0.817899
-0.817899
-0.817899
-0.817900
-0.817900
-0.817900
-0.817900
-0.817900
-0.817900
-0.817900
-0.817900
-0.817900
-0.817900
-0.817899
-0.817899
-0.817899
-0.817899
-0.817899
-0.817899
-0.817899
-0.817899
-0.817899
-0.817899
-0.817899
-0.817899
-0.817899
-0.817899
-0.817899
-0.817899
-0.817899
-0.817899
-0.817899
-0.817899
-0.817899
-0.817899
-0.817899
-0.817899
-0.817899
-0.817899
-0.817899
-0.817899
-0.817899
-0.817898
-0.817898
-0.817898
-0.817898
-0.817898
-0.817898
-0.817898
-0.817898
-0.817898
-0.817898
-0.817898
-0.817898
-0.817898
-0.817898
-0.817898
-0.817897
-0.817897
-0.817897
-0.817897
-0.817897
-0.817897
-0.817897
-0.817897
-0.817897
-0.817897
-0.817897
-0.817897
-0.817897
-0.817896
-0.817896
-0.817896
-0.817896
-0.817896
-0.817896
-0.817896
-0.817896
-0.817896
-0.817896
-0.817896
-0.817896
-0.817895
-0.817895
-0.817895
-0.817895
-0.817895
-0.817895
-0.817895
-0.817895
-0.817895
-0.817895
-0.817894
-0.817894
-0.817894
-0.817894
-0.817894
-0.817842
-0.817832
-0.817796
-0.817789
-0.817786
-0.817744
-0.817743
-0.817743
-0.817742
-0.817741
-0.817740
-0.817740
-0.817739
-0.817738
-0.817738
-0.817737
-0.817736
-0.817735
-0.817735
-0.817734
-0.817733
-0.817732
-0.817732
-0.817731
-0.817730
-0.817727
-0.817398
-0.817384
-0.817355
-0.816040
-0.816041
-0.816043
-0.816044
-0.816046
-0.816047
-0.816048
-0.816050
-0.816051
-0.816053
-0.816054
-0.816056
-0.816057
-0.816059
-0.816060
-0.816062
-0.816063
-0.816064
-0.816066
-0.816067
-0.816069
-0.816073
-0.816258
-0.816260
-0.816261
-0.816263
-0.816265
-0.816266
-0.816268
-0.816270
-0.816271
-0.816273
-0.816274
-0.816276
-0.816278
-0.816314
-0.816322
-0.816330
