Step   	Chain   	Shake   	Chi     	Rama    	Excluded	DSSP    	P_AP    	Water   	Burial  	Helix   	AMH-Go  	Frag_Mem	Vec_FM  	Membrane	SSB     	Electro.	VTotal
0 	31.704002	0.000000	9.274675	-83.742815	0.000000	0.000000	0.000000	0.000000	0.000000	0.000000	-203.997688	0.000000	0.000000	0.000000	0.000000	0.736831	-246.024996
1 	37.829943	0.000000	8.570415	-85.253630	0.000000	0.000000	0.000000	0.000000	0.000000	0.000000	-203.909556	0.000000	0.000000	0.000000	0.000000	0.735287	-242.027540
2 	45.628363	0.000000	7.814968	-86.268462	0.000000	0.000000	0.000000	0.000000	0.000000	0.000000	-203.715266	0.000000	0.000000	0.000000	0.000000	0.732471	-235.807925
3 	45.093395	0.000000	6.827069	-86.829542	0.000000	0.000000	0.000000	0.000000	0.000000	0.000000	-203.509102	0.000000	0.000000	0.000000	0.000000	0.728160	-237.690020
4 	38.575286	0.000000	5.683735	-87.515083	0.000000	0.000000	0.000000	0.000000	0.000000	0.000000	-203.210129	0.000000	0.000000	0.000000	0.000000	0.721952	-245.744239
5 	29.582701	0.000000	5.169773	-89.319296	0.000000	0.000000	0.000000	0.000000	0.000000	0.000000	-202.546184	0.000000	0.000000	0.000000	0.000000	0.714335	-256.398671
6 	25.524539	0.000000	6.310027	-91.027790	0.000000	0.000000	0.000000	0.000000	0.000000	0.000000	-201.122865	0.000000	0.000000	0.000000	0.000000	0.703852	-259.612237
6 	25.112995	0.000000	5.455053	-90.214761	0.000000	0.000000	0.000000	0.000000	0.000000	0.000000	-201.946088	0.000000	0.000000	0.000000	0.000000	0.709083	-260.883718
6 	26.733314	0.000000	5.243716	-89.777240	0.000000	0.000000	0.000000	0.000000	0.000000	0.000000	-202.274351	0.000000	0.000000	0.000000	0.000000	0.711706	-259.362854
7 	27.246690	0.000000	4.881428	-91.936669	0.000000	0.000000	0.000000	0.000000	0.000000	0.000000	-201.347653	0.000000	0.000000	0.000000	0.000000	0.708283	-260.447921
7 	25.402952	0.000000	4.930921	-90.930777	0.000000	0.000000	0.000000	0.000000	0.000000	0.000000	-201.888434	0.000000	0.000000	0.000000	0.000000	0.709991	-261.775348
7 	25.673263	0.000000	5.052515	-90.373024	0.000000	0.000000	0.000000	0.000000	0.000000	0.000000	-202.100863	0.000000	0.000000	0.000000	0.000000	0.710848	-261.037261
8 	27.636825	0.000000	3.803196	-92.741491	0.000000	0.000000	0.000000	0.000000	0.000000	0.000000	-200.749736	0.000000	0.000000	0.000000	0.000000	0.707121	-261.344085
8 	24.558180	0.000000	4.321928	-91.664339	0.000000	0.000000	0.000000	0.000000	0.000000	0.000000	-201.522078	0.000000	0.000000	0.000000	0.000000	-0.166227	-264.472537
8 	24.596379	0.000000	4.660950	-91.044779	0.000000	0.000000	0.000000	0.000000	0.000000	0.000000	-201.835871	0.000000	0.000000	0.000000	0.000000	-0.533136	-264.156457
9 	25.943306	0.000000	3.653896	-93.639936	0.000000	0.000000	0.000000	0.000000	0.000000	0.000000	-199.825419	0.000000	0.000000	0.000000	0.000000	-0.529029	-264.397181
9 	23.571353	0.000000	4.025886	-92.485578	0.000000	0.000000	0.000000	0.000000	0.000000	0.000000	-200.955750	0.000000	0.000000	0.000000	0.000000	-0.531086	-266.375175
10 	28.450049	0.000000	4.271952	-94.622698	0.000000	0.000000	0.000000	0.000000	0.000000	0.000000	-198.707559	0.000000	0.000000	0.000000	0.000000	-0.524551	-261.132807
10 	22.885922	0.000000	3.951385	-93.634161	0.000000	0.000000	0.000000	0.000000	0.000000	0.000000	-199.964060	0.000000	0.000000	0.000000	0.000000	-0.527796	-267.288710
10 	22.436881	0.000000	3.944224	-93.080023	0.000000	0.000000	0.000000	0.000000	0.000000	0.000000	-200.493450	0.000000	0.000000	0.000000	0.000000	-0.529436	-267.721804
10 	22.804858	0.000000	3.974494	-92.787850	0.000000	0.000000	0.000000	0.000000	0.000000	0.000000	-200.733034	0.000000	0.000000	0.000000	0.000000	-0.530259	-267.271791
11 	22.718450	0.000000	4.295925	-93.967252	0.000000	0.000000	0.000000	0.000000	0.000000	0.000000	-200.119543	0.000000	0.000000	0.000000	0.000000	-0.528589	-267.601008
11 	22.070663	0.000000	4.006288	-93.393368	0.000000	0.000000	0.000000	0.000000	0.000000	0.000000	-200.454547	0.000000	0.000000	0.000000	0.000000	-0.529409	-268.300373
11 	22.264185	0.000000	3.957537	-93.094448	0.000000	0.000000	0.000000	0.000000	0.000000	0.000000	-200.600890	0.000000	0.000000	0.000000	0.000000	-0.529830	-268.003447
11 	22.491023	0.000000	3.957723	-92.942095	0.000000	0.000000	0.000000	0.000000	0.000000	0.000000	-200.668741	0.000000	0.000000	0.000000	0.000000	-0.530044	-267.692133
12 	20.253125	0.000000	4.076003	-94.049307	0.000000	0.000000	0.000000	0.000000	0.000000	0.000000	-199.838900	0.000000	0.000000	0.000000	0.000000	-0.529275	-270.088354
12 	20.907021	0.000000	3.926656	-93.514137	0.000000	0.000000	0.000000	0.000000	0.000000	0.000000	-200.290432	0.000000	0.000000	0.000000	0.000000	-0.529656	-269.500549
12 	21.581715	0.000000	3.920029	-93.232554	0.000000	0.000000	0.000000	0.000000	0.000000	0.000000	-200.488762	0.000000	0.000000	0.000000	0.000000	-0.529849	-268.749422
12 	22.006912	0.000000	3.933382	-93.088413	0.000000	0.000000	0.000000	0.000000	0.000000	0.000000	-200.581046	0.000000	0.000000	0.000000	0.000000	-0.529946	-268.259112
13 	17.422466	0.000000	3.119741	-95.075702	0.000000	0.000000	0.000000	0.000000	0.000000	0.000000	-199.342311	0.000000	0.000000	0.000000	0.000000	-0.530001	-274.405807
13 	19.133619	0.000000	3.384976	-94.161047	0.000000	0.000000	0.000000	0.000000	0.000000	0.000000	-200.013792	0.000000	0.000000	0.000000	0.000000	-0.529977	-272.186220
13 	20.422663	0.000000	3.624045	-93.643719	0.000000	0.000000	0.000000	0.000000	0.000000	0.000000	-200.310573	0.000000	0.000000	0.000000	0.000000	-0.529962	-270.437545
14 	17.820192	0.000000	2.874831	-95.713483	0.000000	0.000000	0.000000	0.000000	0.000000	0.000000	-198.728158	0.000000	0.000000	0.000000	0.000000	-0.530499	-274.277116
14 	18.628689	0.000000	3.123390	-94.788223	0.000000	0.000000	0.000000	0.000000	0.000000	0.000000	-199.583883	0.000000	0.000000	0.000000	0.000000	-0.530236	-273.150263
15 	20.259485	0.000000	2.296751	-96.648210	0.000000	0.000000	0.000000	0.000000	0.000000	0.000000	-197.698164	0.000000	0.000000	0.000000	0.000000	-0.531813	-272.321952
15 	18.898842	0.000000	2.538644	-95.857678	0.000000	0.000000	0.000000	0.000000	0.000000	0.000000	-198.714717	0.000000	0.000000	0.000000	0.000000	-0.531026	-273.665936
16 	20.308746	0.000000	1.512333	-96.501009	0.000000	0.000000	0.000000	0.000000	0.000000	0.000000	-198.159482	0.000000	0.000000	0.000000	0.000000	-0.533372	-273.372784
16 	17.950241	0.000000	1.580291	-96.243669	0.000000	0.000000	0.000000	0.000000	0.000000	0.000000	-198.501087	0.000000	0.000000	0.000000	0.000000	-0.532160	-275.746384
16 	18.012861	0.000000	1.954090	-96.067751	0.000000	0.000000	0.000000	0.000000	0.000000	0.000000	-198.623956	0.000000	0.000000	0.000000	0.000000	-0.531583	-275.256339
16 	18.353145	0.000000	2.220762	-95.967114	0.000000	0.000000	0.000000	0.000000	0.000000	0.000000	-198.673355	0.000000	0.000000	0.000000	0.000000	-0.531302	-274.597865
17 	19.977923	0.000000	1.992688	-96.941079	0.000000	0.000000	0.000000	0.000000	0.000000	0.000000	-198.038901	0.000000	0.000000	0.000000	0.000000	-0.532119	-273.541488
17 	18.664474	0.000000	1.870809	-96.501177	0.000000	0.000000	0.000000	0.000000	0.000000	0.000000	-198.399917	0.000000	0.000000	0.000000	0.000000	-0.531703	-274.897514
17 	18.384829	0.000000	1.987798	-96.246617	0.000000	0.000000	0.000000	0.000000	0.000000	0.000000	-198.547632	0.000000	0.000000	0.000000	0.000000	-0.531501	-274.953123
17 	18.338150	0.000000	2.089912	-96.110075	0.000000	0.000000	0.000000	0.000000	0.000000	0.000000	-198.613248	0.000000	0.000000	0.000000	0.000000	-0.531401	-274.826661
18 	28.363479	0.000000	3.305270	-97.685748	0.000000	0.000000	0.000000	0.000000	0.000000	0.000000	-198.265867	0.000000	0.000000	0.000000	0.000000	-0.530050	-264.812916
18 	21.371675	0.000000	2.476356	-96.981354	0.000000	0.000000	0.000000	0.000000	0.000000	0.000000	-198.505465	0.000000	0.000000	0.000000	0.000000	-0.530739	-272.169528
18 	19.363573	0.000000	2.225613	-96.567511	0.000000	0.000000	0.000000	0.000000	0.000000	0.000000	-198.575904	0.000000	0.000000	0.000000	0.000000	-0.531074	-274.085302
18 	18.728456	0.000000	2.143105	-96.344362	0.000000	0.000000	0.000000	0.000000	0.000000	0.000000	-198.598720	0.000000	0.000000	0.000000	0.000000	-0.531238	-274.602759
18 	18.502756	0.000000	2.112809	-96.228626	0.000000	0.000000	0.000000	0.000000	0.000000	0.000000	-198.607021	0.000000	0.000000	0.000000	0.000000	-0.531320	-274.751401
19 	18.203994	0.000000	3.995307	-97.195874	0.000000	0.000000	0.000000	0.000000	0.000000	0.000000	-199.031036	0.000000	0.000000	0.000000	0.000000	-0.529695	-274.557305
19 	17.504223	0.000000	2.836054	-96.759269	0.000000	0.000000	0.000000	0.000000	0.000000	0.000000	-198.860068	0.000000	0.000000	0.000000	0.000000	-0.530518	-275.809578
19 	17.789566	0.000000	2.418706	-96.505377	0.000000	0.000000	0.000000	0.000000	0.000000	0.000000	-198.743796	0.000000	0.000000	0.000000	0.000000	-0.530922	-275.571823
19 	18.092472	0.000000	2.251676	-96.369821	0.000000	0.000000	0.000000	0.000000	0.000000	0.000000	-198.677969	0.000000	0.000000	0.000000	0.000000	-0.531122	-275.234763
20 	16.405215	0.000000	3.981167	-97.686931	0.000000	0.000000	0.000000	0.000000	0.000000	0.000000	-198.745150	0.000000	0.000000	0.000000	0.000000	-0.529878	-276.575577
20 	16.425400	0.000000	2.956659	-97.115221	0.000000	0.000000	0.000000	0.000000	0.000000	0.000000	-198.760949	0.000000	0.000000	0.000000	0.000000	-0.530518	-277.024630
20 	17.050897	0.000000	2.563123	-96.763725	0.000000	0.000000	0.000000	0.000000	0.000000	0.000000	-198.731815	0.000000	0.000000	0.000000	0.000000	-0.530825	-276.412345
20 	17.519395	0.000000	2.397000	-96.572011	0.000000	0.000000	0.000000	0.000000	0.000000	0.000000	-198.707981	0.000000	0.000000	0.000000	0.000000	-0.530974	-275.894572
21 	16.069812	0.000000	2.291030	-98.019890	0.000000	0.000000	0.000000	0.000000	0.000000	0.000000	-198.644123	0.000000	0.000000	0.000000	0.000000	-0.532402	-278.835573
21 	15.748380	0.000000	2.208256	-97.401067	0.000000	0.000000	0.000000	0.000000	0.000000	0.000000	-198.736614	0.000000	0.000000	0.000000	0.000000	-0.531704	-278.712748
21 	16.372716	0.000000	2.268877	-97.014167	0.000000	0.000000	0.000000	0.000000	0.000000	0.000000	-198.737474	0.000000	0.000000	0.000000	0.000000	-0.531343	-277.641392
21 	16.880801	0.000000	2.324525	-96.800166	0.000000	0.000000	0.000000	0.000000	0.000000	0.000000	-198.726525	0.000000	0.000000	0.000000	0.000000	-0.531160	-276.852525
22 	18.545637	0.000000	2.262397	-98.091145	0.000000	0.000000	0.000000	0.000000	0.000000	0.000000	-198.939971	0.000000	0.000000	0.000000	0.000000	-0.534465	-276.757547
22 	16.854747	0.000000	2.066347	-97.532849	0.000000	0.000000	0.000000	0.000000	0.000000	0.000000	-198.904385	0.000000	0.000000	0.000000	0.000000	-0.532798	-278.048939
22 	16.657144	0.000000	2.138475	-97.189820	0.000000	0.000000	0.000000	0.000000	0.000000	0.000000	-198.833264	0.000000	0.000000	0.000000	0.000000	-0.531975	-277.759440
22 	16.716801	0.000000	2.217234	-97.001033	0.000000	0.000000	0.000000	0.000000	0.000000	0.000000	-198.784348	0.000000	0.000000	0.000000	0.000000	-0.531567	-277.382912
23 	28.102268	0.000000	2.271756	-97.891860	0.000000	0.000000	0.000000	0.000000	0.000000	0.000000	-198.767180	0.000000	0.000000	0.000000	0.000000	-0.535368	-266.820384
23 	20.507215	0.000000	2.158525	-97.513733	0.000000	0.000000	0.000000	0.000000	0.000000	0.000000	-198.830023	0.000000	0.000000	0.000000	0.000000	-0.533453	-274.211469
23 	18.140103	0.000000	2.165897	-97.274675	0.000000	0.000000	0.000000	0.000000	0.000000	0.000000	-198.820792	0.000000	0.000000	0.000000	0.000000	-0.532506	-276.321972
23 	17.310936	0.000000	2.186006	-97.142243	0.000000	0.000000	0.000000	0.000000	0.000000	0.000000	-198.805975	0.000000	0.000000	0.000000	0.000000	-0.532035	-276.983311
23 	16.984547	0.000000	2.200222	-97.072744	0.000000	0.000000	0.000000	0.000000	0.000000	0.000000	-198.796013	0.000000	0.000000	0.000000	0.000000	-0.531801	-277.215789
24 	19.008194	0.000000	1.933921	-98.181832	0.000000	0.000000	0.000000	0.000000	0.000000	0.000000	-198.865452	0.000000	0.000000	0.000000	0.000000	-0.535135	-276.640305
24 	17.464516	0.000000	1.993711	-97.693844	0.000000	0.000000	0.000000	0.000000	0.000000	0.000000	-198.867604	0.000000	0.000000	0.000000	0.000000	-0.533469	-277.636690
24 	17.092635	0.000000	2.078830	-97.400260	0.000000	0.000000	0.000000	0.000000	0.000000	0.000000	-198.841064	0.000000	0.000000	0.000000	0.000000	-0.532635	-277.602494
24 	17.005744	0.000000	2.135020	-97.240792	0.000000	0.000000	0.000000	0.000000	0.000000	0.000000	-198.820857	0.000000	0.000000	0.000000	0.000000	-0.532218	-277.453102
25 	13.417005	0.000000	1.516564	-98.464031	0.000000	0.000000	0.000000	0.000000	0.000000	0.000000	-198.723702	0.000000	0.000000	0.000000	0.000000	-0.534580	-282.788744
25 	14.549150	0.000000	1.758153	-97.915926	0.000000	0.000000	0.000000	0.000000	0.000000	0.000000	-198.818173	0.000000	0.000000	0.000000	0.000000	-0.533404	-280.960200
25 	15.610054	0.000000	1.930141	-97.594491	0.000000	0.000000	0.000000	0.000000	0.000000	0.000000	-198.831036	0.000000	0.000000	0.000000	0.000000	-0.532812	-279.418143
25 	16.265815	0.000000	2.028529	-97.421710	0.000000	0.000000	0.000000	0.000000	0.000000	0.000000	-198.828831	0.000000	0.000000	0.000000	0.000000	-0.532515	-278.488712
26 	14.575802	0.000000	1.661308	-98.265977	0.000000	0.000000	0.000000	0.000000	0.000000	0.000000	-198.548345	0.000000	0.000000	0.000000	0.000000	-0.533817	-281.111028
26 	14.538124	0.000000	1.781558	-97.884475	0.000000	0.000000	0.000000	0.000000	0.000000	0.000000	-198.715612	0.000000	0.000000	0.000000	0.000000	-0.533170	-280.813575
26 	15.180284	0.000000	1.889446	-97.663300	0.000000	0.000000	0.000000	0.000000	0.000000	0.000000	-198.779005	0.000000	0.000000	0.000000	0.000000	-0.532843	-279.905418
26 	15.667499	0.000000	1.955115	-97.545063	0.000000	0.000000	0.000000	0.000000	0.000000	0.000000	-198.805617	0.000000	0.000000	0.000000	0.000000	-0.532680	-279.260745
26 	15.952753	0.000000	1.990857	-97.484027	0.000000	0.000000	0.000000	0.000000	0.000000	0.000000	-198.817649	0.000000	0.000000	0.000000	0.000000	-0.532597	-278.890663
27 	15.357834	0.000000	2.498645	-98.421707	0.000000	0.000000	0.000000	0.000000	0.000000	0.000000	-198.662495	0.000000	0.000000	0.000000	0.000000	-0.533475	-279.761198
27 	14.975307	0.000000	2.142053	-98.016869	0.000000	0.000000	0.000000	0.000000	0.000000	0.000000	-198.774571	0.000000	0.000000	0.000000	0.000000	-0.533043	-280.207122
27 	15.294239	0.000000	2.040301	-97.766492	0.000000	0.000000	0.000000	0.000000	0.000000	0.000000	-198.804766	0.000000	0.000000	0.000000	0.000000	-0.532822	-279.769540
27 	15.581070	0.000000	2.008983	-97.629275	0.000000	0.000000	0.000000	0.000000	0.000000	0.000000	-198.813375	0.000000	0.000000	0.000000	0.000000	-0.532710	-279.385308
27 	15.756308	0.000000	1.998264	-97.557656	0.000000	0.000000	0.000000	0.000000	0.000000	0.000000	-198.816055	0.000000	0.000000	0.000000	0.000000	-0.532654	-279.151793
28 	14.647797	0.000000	2.856631	-98.759202	0.000000	0.000000	0.000000	0.000000	0.000000	0.000000	-198.329401	0.000000	0.000000	0.000000	0.000000	-0.532713	-280.116887
28 	14.880513	0.000000	2.325540	-98.221984	0.000000	0.000000	0.000000	0.000000	0.000000	0.000000	-198.604392	0.000000	0.000000	0.000000	0.000000	-0.532691	-280.153015
28 	15.237322	0.000000	2.136029	-97.906175	0.000000	0.000000	0.000000	0.000000	0.000000	0.000000	-198.718191	0.000000	0.000000	0.000000	0.000000	-0.532675	-279.783690
28 	15.476451	0.000000	2.060630	-97.736064	0.000000	0.000000	0.000000	0.000000	0.000000	0.000000	-198.769121	0.000000	0.000000	0.000000	0.000000	-0.532665	-279.500769
29 	13.660890	0.000000	2.470087	-98.920967	0.000000	0.000000	0.000000	0.000000	0.000000	0.000000	-198.302339	0.000000	0.000000	0.000000	0.000000	-0.533222	-281.625550
29 	14.412060	0.000000	2.214532	-98.398189	0.000000	0.000000	0.000000	0.000000	0.000000	0.000000	-198.561770	0.000000	0.000000	0.000000	0.000000	-0.532951	-280.866318
29 	14.904859	0.000000	2.124755	-98.084992	0.000000	0.000000	0.000000	0.000000	0.000000	0.000000	-198.672005	0.000000	0.000000	0.000000	0.000000	-0.532810	-280.260193
30 	13.506675	0.000000	1.776575	-99.042237	0.000000	0.000000	0.000000	0.000000	0.000000	0.000000	-198.120237	0.000000	0.000000	0.000000	0.000000	-0.534433	-282.413657
30 	13.952246	0.000000	1.919718	-98.634299	0.000000	0.000000	0.000000	0.000000	0.000000	0.000000	-198.427233	0.000000	0.000000	0.000000	0.000000	-0.533629	-281.723197
30 	14.366201	0.000000	2.014504	-98.377582	0.000000	0.000000	0.000000	0.000000	0.000000	0.000000	-198.557467	0.000000	0.000000	0.000000	0.000000	-0.533221	-281.087565
31 	13.262601	0.000000	1.550659	-99.132334	0.000000	0.000000	0.000000	0.000000	0.000000	0.000000	-197.935549	0.000000	0.000000	0.000000	0.000000	-0.534567	-282.789190
31 	13.648589	0.000000	1.730933	-98.798587	0.000000	0.000000	0.000000	0.000000	0.000000	0.000000	-198.275485	0.000000	0.000000	0.000000	0.000000	-0.533900	-282.228450
31 	13.966040	0.000000	1.859976	-98.599168	0.000000	0.000000	0.000000	0.000000	0.000000	0.000000	-198.423788	0.000000	0.000000	0.000000	0.000000	-0.533562	-281.730502
32 	13.084860	0.000000	1.570508	-99.267566	0.000000	0.000000	0.000000	0.000000	0.000000	0.000000	-197.886810	0.000000	0.000000	0.000000	0.000000	-0.534934	-283.033941
32 	13.384206	0.000000	1.664231	-98.975844	0.000000	0.000000	0.000000	0.000000	0.000000	0.000000	-198.177279	0.000000	0.000000	0.000000	0.000000	-0.534253	-282.638939
32 	13.639893	0.000000	1.749496	-98.798200	0.000000	0.000000	0.000000	0.000000	0.000000	0.000000	-198.306076	0.000000	0.000000	0.000000	0.000000	-0.533908	-282.248795
33 	15.802841	0.000000	2.306741	-99.271026	0.000000	0.000000	0.000000	0.000000	0.000000	0.000000	-198.215805	0.000000	0.000000	0.000000	0.000000	-0.535070	-279.912319
33 	14.117121	0.000000	1.989736	-99.052387	0.000000	0.000000	0.000000	0.000000	0.000000	0.000000	-198.288530	0.000000	0.000000	0.000000	0.000000	-0.534490	-281.768550
33 	13.727711	0.000000	1.859656	-98.929766	0.000000	0.000000	0.000000	0.000000	0.000000	0.000000	-198.304224	0.000000	0.000000	0.000000	0.000000	-0.534199	-282.180822
33 	13.646136	0.000000	1.802038	-98.865105	0.000000	0.000000	0.000000	0.000000	0.000000	0.000000	-198.306883	0.000000	0.000000	0.000000	0.000000	-0.534054	-282.257867
33 	13.633602	0.000000	1.775126	-98.831933	0.000000	0.000000	0.000000	0.000000	0.000000	0.000000	-198.306913	0.000000	0.000000	0.000000	0.000000	-0.533981	-282.264099
34 	16.370018	0.000000	3.857259	-99.630246	0.000000	0.000000	0.000000	0.000000	0.000000	0.000000	-198.256829	0.000000	0.000000	0.000000	0.000000	-0.534977	-278.194776
34 	14.104917	0.000000	2.612824	-99.257077	0.000000	0.000000	0.000000	0.000000	0.000000	0.000000	-198.312157	0.000000	0.000000	0.000000	0.000000	-0.534480	-281.385973
34 	13.645489	0.000000	2.140983	-99.051032	0.000000	0.000000	0.000000	0.000000	0.000000	0.000000	-198.317114	0.000000	0.000000	0.000000	0.000000	-0.534231	-282.115906
34 	13.583659	0.000000	1.944539	-98.943120	0.000000	0.000000	0.000000	0.000000	0.000000	0.000000	-198.313909	0.000000	0.000000	0.000000	0.000000	-0.534106	-282.262937
34 	13.594666	0.000000	1.856420	-98.887937	0.000000	0.000000	0.000000	0.000000	0.000000	0.000000	-198.310885	0.000000	0.000000	0.000000	0.000000	-0.534044	-282.281778
35 	12.231351	0.000000	3.194232	-99.635759	0.000000	0.000000	0.000000	0.000000	0.000000	0.000000	-198.523331	0.000000	0.000000	0.000000	0.000000	-0.535365	-283.268873
35 	12.160829	0.000000	2.356907	-99.286777	0.000000	0.000000	0.000000	0.000000	0.000000	0.000000	-198.445412	0.000000	0.000000	0.000000	0.000000	-0.534708	-283.749161
35 	12.688207	0.000000	2.063906	-99.093483	0.000000	0.000000	0.000000	0.000000	0.000000	0.000000	-198.385245	0.000000	0.000000	0.000000	0.000000	-0.534376	-283.260991
35 	13.093864	0.000000	1.949403	-98.992233	0.000000	0.000000	0.000000	0.000000	0.000000	0.000000	-198.349841	0.000000	0.000000	0.000000	0.000000	-0.534210	-282.833017
35 	13.332348	0.000000	1.900214	-98.940465	0.000000	0.000000	0.000000	0.000000	0.000000	0.000000	-198.330807	0.000000	0.000000	0.000000	0.000000	-0.534127	-282.572837
36 	11.493176	0.000000	1.372146	-99.485722	0.000000	0.000000	0.000000	0.000000	0.000000	0.000000	-198.263315	0.000000	0.000000	0.000000	0.000000	-0.537086	-285.420801
36 	11.718017	0.000000	1.583509	-99.228094	0.000000	0.000000	0.000000	0.000000	0.000000	0.000000	-198.320921	0.000000	0.000000	0.000000	0.000000	-0.535605	-284.783095
36 	12.349929	0.000000	1.729128	-99.088028	0.000000	0.000000	0.000000	0.000000	0.000000	0.000000	-198.331877	0.000000	0.000000	0.000000	0.000000	-0.534866	-283.875715
36 	12.797126	0.000000	1.811541	-99.015190	0.000000	0.000000	0.000000	0.000000	0.000000	0.000000	-198.332851	0.000000	0.000000	0.000000	0.000000	-0.534496	-283.273870
36 	13.053709	0.000000	1.855102	-98.978064	0.000000	0.000000	0.000000	0.000000	0.000000	0.000000	-198.332207	0.000000	0.000000	0.000000	0.000000	-0.534312	-282.935772
37 	14.547987	0.000000	1.727767	-99.754908	0.000000	0.000000	0.000000	0.000000	0.000000	0.000000	-198.043538	0.000000	0.000000	0.000000	0.000000	-0.536996	-282.059688
37 	13.434331	0.000000	1.750256	-99.377590	0.000000	0.000000	0.000000	0.000000	0.000000	0.000000	-198.210157	0.000000	0.000000	0.000000	0.000000	-0.535652	-282.938813
37 	13.153349	0.000000	1.792238	-99.180503	0.000000	0.000000	0.000000	0.000000	0.000000	0.000000	-198.276807	0.000000	0.000000	0.000000	0.000000	-0.534982	-283.046704
37 	13.080980	0.000000	1.821041	-99.079947	0.000000	0.000000	0.000000	0.000000	0.000000	0.000000	-198.305920	0.000000	0.000000	0.000000	0.000000	-0.534647	-283.018492
37 	13.061722	0.000000	1.837412	-99.029171	0.000000	0.000000	0.000000	0.000000	0.000000	0.000000	-198.319417	0.000000	0.000000	0.000000	0.000000	-0.534479	-282.983934
38 	16.960261	0.000000	2.225675	-99.969085	0.000000	0.000000	0.000000	0.000000	0.000000	0.000000	-198.186579	0.000000	0.000000	0.000000	0.000000	-0.536173	-279.505900
38 	14.380670	0.000000	1.967442	-99.515526	0.000000	0.000000	0.000000	0.000000	0.000000	0.000000	-198.272526	0.000000	0.000000	0.000000	0.000000	-0.535325	-281.975266
38 	13.564813	0.000000	1.886205	-99.276243	0.000000	0.000000	0.000000	0.000000	0.000000	0.000000	-198.300892	0.000000	0.000000	0.000000	0.000000	-0.534902	-282.661019
38 	13.274320	0.000000	1.857728	-99.153659	0.000000	0.000000	0.000000	0.000000	0.000000	0.000000	-198.311389	0.000000	0.000000	0.000000	0.000000	-0.534691	-282.867691
38 	13.158302	0.000000	1.846547	-99.091651	0.000000	0.000000	0.000000	0.000000	0.000000	0.000000	-198.315713	0.000000	0.000000	0.000000	0.000000	-0.534585	-282.937099
39 	13.377090	0.000000	1.875519	-100.158734	0.000000	0.000000	0.000000	0.000000	0.000000	0.000000	-197.964993	0.000000	0.000000	0.000000	0.000000	-0.536608	-283.407727
39 	13.097676	0.000000	1.824712	-99.638236	0.000000	0.000000	0.000000	0.000000	0.000000	0.000000	-198.160087	0.000000	0.000000	0.000000	0.000000	-0.535597	-283.411532
39 	13.085726	0.000000	1.826563	-99.368137	0.000000	0.000000	0.000000	0.000000	0.000000	0.000000	-198.242869	0.000000	0.000000	0.000000	0.000000	-0.535091	-283.233808
39 	13.111476	0.000000	1.834290	-99.230692	0.000000	0.000000	0.000000	0.000000	0.000000	0.000000	-198.280538	0.000000	0.000000	0.000000	0.000000	-0.534838	-283.100301
39 	13.132258	0.000000	1.839853	-99.161371	0.000000	0.000000	0.000000	0.000000	0.000000	0.000000	-198.298437	0.000000	0.000000	0.000000	0.000000	-0.534711	-283.022409
40 	10.996658	0.000000	1.391887	-100.199672	0.000000	0.000000	0.000000	0.000000	0.000000	0.000000	-197.957584	0.000000	0.000000	0.000000	0.000000	-0.536852	-286.305564
40 	11.634665	0.000000	1.585602	-99.693274	0.000000	0.000000	0.000000	0.000000	0.000000	0.000000	-198.153064	0.000000	0.000000	0.000000	0.000000	-0.535782	-285.161853
40 	12.275469	0.000000	1.705334	-99.430246	0.000000	0.000000	0.000000	0.000000	0.000000	0.000000	-198.232068	0.000000	0.000000	0.000000	0.000000	-0.535247	-284.216759
40 	12.676793	0.000000	1.770767	-99.296530	0.000000	0.000000	0.000000	0.000000	0.000000	0.000000	-198.266838	0.000000	0.000000	0.000000	0.000000	-0.534979	-283.650788
41 	11.123071	0.000000	1.824354	-100.431286	0.000000	0.000000	0.000000	0.000000	0.000000	0.000000	-197.997298	0.000000	0.000000	0.000000	0.000000	-0.536445	-286.017604
41 	11.781183	0.000000	1.786927	-99.876688	0.000000	0.000000	0.000000	0.000000	0.000000	0.000000	-198.151968	0.000000	0.000000	0.000000	0.000000	-0.535713	-284.996259
41 	12.199395	0.000000	1.776212	-99.589428	0.000000	0.000000	0.000000	0.000000	0.000000	0.000000	-198.214432	0.000000	0.000000	0.000000	0.000000	-0.535346	-284.363600
42 	11.662375	0.000000	2.097582	-100.774366	0.000000	0.000000	0.000000	0.000000	0.000000	0.000000	-197.863544	0.000000	0.000000	0.000000	0.000000	-0.536909	-285.414863
42 	11.838618	0.000000	1.924666	-100.196953	0.000000	0.000000	0.000000	0.000000	0.000000	0.000000	-198.058231	0.000000	0.000000	0.000000	0.000000	-0.536129	-285.028029
43 	11.077372	0.000000	1.960681	-101.249232	0.000000	0.000000	0.000000	0.000000	0.000000	0.000000	-197.699468	0.000000	0.000000	0.000000	0.000000	-0.538137	-286.448784
43 	11.365636	0.000000	1.936322	-100.741907	0.000000	0.000000	0.000000	0.000000	0.000000	0.000000	-197.897158	0.000000	0.000000	0.000000	0.000000	-0.537134	-285.874241
44 	10.486539	0.000000	1.862713	-101.715991	0.000000	0.000000	0.000000	0.000000	0.000000	0.000000	-197.462888	0.000000	0.000000	0.000000	0.000000	-0.539061	-287.368688
45 	9.878326	0.000000	1.899675	-102.638098	0.000000	0.000000	0.000000	0.000000	0.000000	0.000000	-196.862207	0.000000	0.000000	0.000000	0.000000	-0.540810	-288.263113
45 	10.052488	0.000000	1.873897	-102.214359	0.000000	0.000000	0.000000	0.000000	0.000000	0.000000	-197.180958	0.000000	0.000000	0.000000	0.000000	-0.539936	-288.008868
45 	10.237056	0.000000	1.866456	-101.973286	0.000000	0.000000	0.000000	0.000000	0.000000	0.000000	-197.326591	0.000000	0.000000	0.000000	0.000000	-0.539499	-287.735864
46 	13.294975	0.000000	2.574485	-102.514913	0.000000	0.000000	0.000000	0.000000	0.000000	0.000000	-197.607416	0.000000	0.000000	0.000000	0.000000	-0.539420	-284.792289
46 	10.464649	0.000000	2.139395	-102.256991	0.000000	0.000000	0.000000	0.000000	0.000000	0.000000	-197.489660	0.000000	0.000000	0.000000	0.000000	-0.539452	-287.682060
46 	10.024099	0.000000	1.982099	-102.118377	0.000000	0.000000	0.000000	0.000000	0.000000	0.000000	-197.413769	0.000000	0.000000	0.000000	0.000000	-0.539474	-288.065421
46 	10.048711	0.000000	1.918996	-102.046642	0.000000	0.000000	0.000000	0.000000	0.000000	0.000000	-197.371588	0.000000	0.000000	0.000000	0.000000	-0.539486	-287.990009
46 	10.122395	0.000000	1.891396	-102.010167	0.000000	0.000000	0.000000	0.000000	0.000000	0.000000	-197.349441	0.000000	0.000000	0.000000	0.000000	-0.539492	-287.885310
47 	9.880207	0.000000	2.337533	-102.536224	0.000000	0.000000	0.000000	0.000000	0.000000	0.000000	-197.589719	0.000000	0.000000	0.000000	0.000000	-0.540407	-288.448610
47 	9.547806	0.000000	2.014760	-102.285013	0.000000	0.000000	0.000000	0.000000	0.000000	0.000000	-197.484379	0.000000	0.000000	0.000000	0.000000	-0.539951	-288.746777
47 	9.720561	0.000000	1.928376	-102.150654	0.000000	0.000000	0.000000	0.000000	0.000000	0.000000	-197.420560	0.000000	0.000000	0.000000	0.000000	-0.539722	-288.461999
47 	9.892688	0.000000	1.903737	-102.081190	0.000000	0.000000	0.000000	0.000000	0.000000	0.000000	-197.385907	0.000000	0.000000	0.000000	0.000000	-0.539607	-288.210279
47 	10.000323	0.000000	1.896033	-102.045875	0.000000	0.000000	0.000000	0.000000	0.000000	0.000000	-197.367900	0.000000	0.000000	0.000000	0.000000	-0.539550	-288.056969
48 	10.062369	0.000000	2.334790	-102.710791	0.000000	0.000000	0.000000	0.000000	0.000000	0.000000	-197.907760	0.000000	0.000000	0.000000	0.000000	-0.540904	-288.762296
48 	9.685856	0.000000	2.032499	-102.400629	0.000000	0.000000	0.000000	0.000000	0.000000	0.000000	-197.654016	0.000000	0.000000	0.000000	0.000000	-0.540228	-288.876517
48 	9.755957	0.000000	1.943064	-102.229031	0.000000	0.000000	0.000000	0.000000	0.000000	0.000000	-197.514943	0.000000	0.000000	0.000000	0.000000	-0.539889	-288.584842
48 	9.856250	0.000000	1.914188	-102.138923	0.000000	0.000000	0.000000	0.000000	0.000000	0.000000	-197.442410	0.000000	0.000000	0.000000	0.000000	-0.539720	-288.350615
48 	9.922800	0.000000	1.903763	-102.092770	0.000000	0.000000	0.000000	0.000000	0.000000	0.000000	-197.405401	0.000000	0.000000	0.000000	0.000000	-0.539635	-288.211243
49 	11.741677	0.000000	2.715321	-103.221878	0.000000	0.000000	0.000000	0.000000	0.000000	0.000000	-197.725948	0.000000	0.000000	0.000000	0.000000	-0.540946	-287.031774
49 	10.494732	0.000000	2.210737	-102.686647	0.000000	0.000000	0.000000	0.000000	0.000000	0.000000	-197.580110	0.000000	0.000000	0.000000	0.000000	-0.540289	-288.101577
49 	10.124983	0.000000	2.032121	-102.397068	0.000000	0.000000	0.000000	0.000000	0.000000	0.000000	-197.496294	0.000000	0.000000	0.000000	0.000000	-0.539961	-288.276219
49 	10.003010	0.000000	1.961612	-102.246768	0.000000	0.000000	0.000000	0.000000	0.000000	0.000000	-197.451723	0.000000	0.000000	0.000000	0.000000	-0.539798	-288.273667
50 	11.547892	0.000000	2.671970	-103.373573	0.000000	0.000000	0.000000	0.000000	0.000000	0.000000	-197.868407	0.000000	0.000000	0.000000	0.000000	-0.541231	-287.563349
50 	10.499441	0.000000	2.228674	-102.849596	0.000000	0.000000	0.000000	0.000000	0.000000	0.000000	-197.673872	0.000000	0.000000	0.000000	0.000000	-0.540514	-288.335867
50 	10.183071	0.000000	2.072386	-102.558323	0.000000	0.000000	0.000000	0.000000	0.000000	0.000000	-197.566185	0.000000	0.000000	0.000000	0.000000	-0.540156	-288.409206
50 	10.076099	0.000000	2.011220	-102.405122	0.000000	0.000000	0.000000	0.000000	0.000000	0.000000	-197.509793	0.000000	0.000000	0.000000	0.000000	-0.539977	-288.367573
51 	12.803877	0.000000	1.509704	-103.132727	0.000000	0.000000	0.000000	0.000000	0.000000	0.000000	-197.453068	0.000000	0.000000	0.000000	0.000000	-0.540730	-286.812944
51 	10.562416	0.000000	1.686485	-102.792424	0.000000	0.000000	0.000000	0.000000	0.000000	0.000000	-197.492168	0.000000	0.000000	0.000000	0.000000	-0.540351	-288.576042
51 	10.100302	0.000000	1.830571	-102.604637	0.000000	0.000000	0.000000	0.000000	0.000000	0.000000	-197.503668	0.000000	0.000000	0.000000	0.000000	-0.540163	-288.717595
51 	10.033517	0.000000	1.916351	-102.506341	0.000000	0.000000	0.000000	0.000000	0.000000	0.000000	-197.507402	0.000000	0.000000	0.000000	0.000000	-0.540070	-288.603945
51 	10.041144	0.000000	1.962652	-102.456096	0.000000	0.000000	0.000000	0.000000	0.000000	0.000000	-197.508766	0.000000	0.000000	0.000000	0.000000	-0.540023	-288.501089
52 	10.952365	0.000000	1.624021	-103.495810	0.000000	0.000000	0.000000	0.000000	0.000000	0.000000	-197.410434	0.000000	0.000000	0.000000	0.000000	-0.540159	-288.870017
52 	10.312171	0.000000	1.743822	-102.995396	0.000000	0.000000	0.000000	0.000000	0.000000	0.000000	-197.463659	0.000000	0.000000	0.000000	0.000000	-0.540092	-288.943153
52 	10.130649	0.000000	1.841040	-102.730287	0.000000	0.000000	0.000000	0.000000	0.000000	0.000000	-197.487225	0.000000	0.000000	0.000000	0.000000	-0.540057	-288.785881
52 	10.074411	0.000000	1.898819	-102.594282	0.000000	0.000000	0.000000	0.000000	0.000000	0.000000	-197.498248	0.000000	0.000000	0.000000	0.000000	-0.540040	-288.659341
53 	15.320567	0.000000	2.145239	-104.047282	0.000000	0.000000	0.000000	0.000000	0.000000	0.000000	-197.474519	0.000000	0.000000	0.000000	0.000000	-0.539315	-284.595309
53 	11.540857	0.000000	1.958887	-103.361010	0.000000	0.000000	0.000000	0.000000	0.000000	0.000000	-197.500254	0.000000	0.000000	0.000000	0.000000	-0.539662	-287.901182
53 	10.517950	0.000000	1.913299	-102.986584	0.000000	0.000000	0.000000	0.000000	0.000000	0.000000	-197.502715	0.000000	0.000000	0.000000	0.000000	-0.539847	-288.597897
53 	10.223698	0.000000	1.902196	-102.792502	0.000000	0.000000	0.000000	0.000000	0.000000	0.000000	-197.501347	0.000000	0.000000	0.000000	0.000000	-0.539943	-288.707898
53 	10.130926	0.000000	1.899545	-102.693887	0.000000	0.000000	0.000000	0.000000	0.000000	0.000000	-197.500014	0.000000	0.000000	0.000000	0.000000	-0.539991	-288.703421
54 	11.459833	0.000000	1.987990	-103.828261	0.000000	0.000000	0.000000	0.000000	0.000000	0.000000	-197.444545	0.000000	0.000000	0.000000	0.000000	-0.540074	-288.365057
54 	10.620607	0.000000	1.902751	-103.285147	0.000000	0.000000	0.000000	0.000000	0.000000	0.000000	-197.478248	0.000000	0.000000	0.000000	0.000000	-0.540034	-288.780072
54 	10.332257	0.000000	1.890840	-102.994856	0.000000	0.000000	0.000000	0.000000	0.000000	0.000000	-197.490620	0.000000	0.000000	0.000000	0.000000	-0.540013	-288.802392
54 	10.220737	0.000000	1.892609	-102.845612	0.000000	0.000000	0.000000	0.000000	0.000000	0.000000	-197.495689	0.000000	0.000000	0.000000	0.000000	-0.540002	-288.767957
55 	11.294937	0.000000	1.733371	-103.582289	0.000000	0.000000	0.000000	0.000000	0.000000	0.000000	-197.491746	0.000000	0.000000	0.000000	0.000000	-0.540727	-288.586454
55 	10.499675	0.000000	1.787287	-103.228420	0.000000	0.000000	0.000000	0.000000	0.000000	0.000000	-197.497966	0.000000	0.000000	0.000000	0.000000	-0.540361	-288.979785
55 	10.295821	0.000000	1.833525	-103.040331	0.000000	0.000000	0.000000	0.000000	0.000000	0.000000	-197.497889	0.000000	0.000000	0.000000	0.000000	-0.540181	-288.949054
55 	10.242203	0.000000	1.861462	-102.943760	0.000000	0.000000	0.000000	0.000000	0.000000	0.000000	-197.497054	0.000000	0.000000	0.000000	0.000000	-0.540091	-288.877242
56 	10.356530	0.000000	1.737099	-103.895185	0.000000	0.000000	0.000000	0.000000	0.000000	0.000000	-197.491305	0.000000	0.000000	0.000000	0.000000	-0.540123	-289.832983
56 	10.160783	0.000000	1.786835	-103.433415	0.000000	0.000000	0.000000	0.000000	0.000000	0.000000	-197.496950	0.000000	0.000000	0.000000	0.000000	-0.540108	-289.522856
56 	10.166852	0.000000	1.821043	-103.191599	0.000000	0.000000	0.000000	0.000000	0.000000	0.000000	-197.497694	0.000000	0.000000	0.000000	0.000000	-0.540100	-289.241499
56 	10.195867	0.000000	1.840476	-103.068371	0.000000	0.000000	0.000000	0.000000	0.000000	0.000000	-197.497547	0.000000	0.000000	0.000000	0.000000	-0.540096	-289.069670
57 	9.983135	0.000000	1.900670	-104.320750	0.000000	0.000000	0.000000	0.000000	0.000000	0.000000	-197.560361	0.000000	0.000000	0.000000	0.000000	-0.539937	-290.537244
57 	9.962786	0.000000	1.860348	-103.721396	0.000000	0.000000	0.000000	0.000000	0.000000	0.000000	-197.533225	0.000000	0.000000	0.000000	0.000000	-0.540019	-289.971507
57 	10.047506	0.000000	1.847874	-103.400878	0.000000	0.000000	0.000000	0.000000	0.000000	0.000000	-197.516451	0.000000	0.000000	0.000000	0.000000	-0.540058	-289.562007
57 	10.113714	0.000000	1.843543	-103.236023	0.000000	0.000000	0.000000	0.000000	0.000000	0.000000	-197.507265	0.000000	0.000000	0.000000	0.000000	-0.540077	-289.326108
58 	10.714650	0.000000	1.968861	-104.271799	0.000000	0.000000	0.000000	0.000000	0.000000	0.000000	-197.602061	0.000000	0.000000	0.000000	0.000000	-0.540708	-289.731057
58 	10.327137	0.000000	1.897512	-103.776427	0.000000	0.000000	0.000000	0.000000	0.000000	0.000000	-197.558838	0.000000	0.000000	0.000000	0.000000	-0.540391	-289.651006
58 	10.198658	0.000000	1.868349	-103.511149	0.000000	0.000000	0.000000	0.000000	0.000000	0.000000	-197.534093	0.000000	0.000000	0.000000	0.000000	-0.540234	-289.518468
59 	10.506680	0.000000	1.997570	-104.489529	0.000000	0.000000	0.000000	0.000000	0.000000	0.000000	-197.603136	0.000000	0.000000	0.000000	0.000000	-0.540607	-290.129023
59 	10.325736	0.000000	1.927977	-104.024375	0.000000	0.000000	0.000000	0.000000	0.000000	0.000000	-197.571352	0.000000	0.000000	0.000000	0.000000	-0.540421	-289.882435
59 	10.255459	0.000000	1.896905	-103.773207	0.000000	0.000000	0.000000	0.000000	0.000000	0.000000	-197.553405	0.000000	0.000000	0.000000	0.000000	-0.540327	-289.714575
60 	10.390546	0.000000	2.025404	-104.738388	0.000000	0.000000	0.000000	0.000000	0.000000	0.000000	-197.498194	0.000000	0.000000	0.000000	0.000000	-0.539984	-290.360615
60 	10.173647	0.000000	1.954908	-104.281753	0.000000	0.000000	0.000000	0.000000	0.000000	0.000000	-197.530079	0.000000	0.000000	0.000000	0.000000	-0.540157	-290.223434
60 	10.177099	0.000000	1.924337	-104.033539	0.000000	0.000000	0.000000	0.000000	0.000000	0.000000	-197.542811	0.000000	0.000000	0.000000	0.000000	-0.540242	-290.015157
61 	10.482527	0.000000	1.986049	-104.948617	0.000000	0.000000	0.000000	0.000000	0.000000	0.000000	-197.415052	0.000000	0.000000	0.000000	0.000000	-0.540283	-290.435376
61 	10.289887	0.000000	1.949935	-104.513506	0.000000	0.000000	0.000000	0.000000	0.000000	0.000000	-197.482467	0.000000	0.000000	0.000000	0.000000	-0.540264	-290.296415
61 	10.223515	0.000000	1.935830	-104.278734	0.000000	0.000000	0.000000	0.000000	0.000000	0.000000	-197.513523	0.000000	0.000000	0.000000	0.000000	-0.540254	-290.173165
61 	10.197813	0.000000	1.929758	-104.157383	0.000000	0.000000	0.000000	0.000000	0.000000	0.000000	-197.528388	0.000000	0.000000	0.000000	0.000000	-0.540248	-290.098448
62 	18.118328	0.000000	1.790076	-104.831850	0.000000	0.000000	0.000000	0.000000	0.000000	0.000000	-197.470446	0.000000	0.000000	0.000000	0.000000	-0.542127	-282.936019
62 	12.387048	0.000000	1.781235	-104.520605	0.000000	0.000000	0.000000	0.000000	0.000000	0.000000	-197.530930	0.000000	0.000000	0.000000	0.000000	-0.541161	-288.424414
62 	10.852130	0.000000	1.836586	-104.344981	0.000000	0.000000	0.000000	0.000000	0.000000	0.000000	-197.537539	0.000000	0.000000	0.000000	0.000000	-0.540698	-289.734502
62 	10.415213	0.000000	1.878538	-104.252609	0.000000	0.000000	0.000000	0.000000	0.000000	0.000000	-197.534933	0.000000	0.000000	0.000000	0.000000	-0.540471	-290.034262
62 	10.279114	0.000000	1.903001	-104.205343	0.000000	0.000000	0.000000	0.000000	0.000000	0.000000	-197.532153	0.000000	0.000000	0.000000	0.000000	-0.540359	-290.095741
62 	10.231618	0.000000	1.916094	-104.181449	0.000000	0.000000	0.000000	0.000000	0.000000	0.000000	-197.530393	0.000000	0.000000	0.000000	0.000000	-0.540304	-290.104433
63 	11.971007	0.000000	1.649797	-104.900447	0.000000	0.000000	0.000000	0.000000	0.000000	0.000000	-197.557986	0.000000	0.000000	0.000000	0.000000	-0.539980	-289.377608
63 	10.431325	0.000000	1.653151	-104.566387	0.000000	0.000000	0.000000	0.000000	0.000000	0.000000	-197.570077	0.000000	0.000000	0.000000	0.000000	-0.540142	-290.592130
63 	10.164259	0.000000	1.754029	-104.379888	0.000000	0.000000	0.000000	0.000000	0.000000	0.000000	-197.556652	0.000000	0.000000	0.000000	0.000000	-0.540223	-290.558475
63 	10.156172	0.000000	1.827642	-104.282105	0.000000	0.000000	0.000000	0.000000	0.000000	0.000000	-197.545119	0.000000	0.000000	0.000000	0.000000	-0.540263	-290.383674
63 	10.183458	0.000000	1.870041	-104.232128	0.000000	0.000000	0.000000	0.000000	0.000000	0.000000	-197.538154	0.000000	0.000000	0.000000	0.000000	-0.540283	-290.257067
63 	10.204930	0.000000	1.892614	-104.206876	0.000000	0.000000	0.000000	0.000000	0.000000	0.000000	-197.534373	0.000000	0.000000	0.000000	0.000000	-0.540294	-290.183998
63 	10.217622	0.000000	1.904241	-104.194184	0.000000	0.000000	0.000000	0.000000	0.000000	0.000000	-197.532408	0.000000	0.000000	0.000000	0.000000	-0.540299	-290.145027
64 	11.869549	0.000000	1.690532	-105.135030	0.000000	0.000000	0.000000	0.000000	0.000000	0.000000	-197.226416	0.000000	0.000000	0.000000	0.000000	-0.540635	-289.342001
64 	10.658559	0.000000	1.686296	-104.685073	0.000000	0.000000	0.000000	0.000000	0.000000	0.000000	-197.395180	0.000000	0.000000	0.000000	0.000000	-0.540467	-290.275865
64 	10.342423	0.000000	1.769033	-104.444335	0.000000	0.000000	0.000000	0.000000	0.000000	0.000000	-197.467728	0.000000	0.000000	0.000000	0.000000	-0.540383	-290.340990
64 	10.256179	0.000000	1.830271	-104.320381	0.000000	0.000000	0.000000	0.000000	0.000000	0.000000	-197.501051	0.000000	0.000000	0.000000	0.000000	-0.540341	-290.275323
64 	10.230949	0.000000	1.865689	-104.257556	0.000000	0.000000	0.000000	0.000000	0.000000	0.000000	-197.516975	0.000000	0.000000	0.000000	0.000000	-0.540320	-290.218213
64 	10.222799	0.000000	1.884576	-104.225937	0.000000	0.000000	0.000000	0.000000	0.000000	0.000000	-197.524753	0.000000	0.000000	0.000000	0.000000	-0.540309	-290.183625
65 	11.115435	0.000000	1.582862	-105.031214	0.000000	0.000000	0.000000	0.000000	0.000000	0.000000	-197.348074	0.000000	0.000000	0.000000	0.000000	-0.540697	-290.221689
65 	10.451321	0.000000	1.647458	-104.649565	0.000000	0.000000	0.000000	0.000000	0.000000	0.000000	-197.445047	0.000000	0.000000	0.000000	0.000000	-0.540503	-290.536336
65 	10.282951	0.000000	1.745356	-104.442704	0.000000	0.000000	0.000000	0.000000	0.000000	0.000000	-197.487060	0.000000	0.000000	0.000000	0.000000	-0.540406	-290.441863
65 	10.239390	0.000000	1.809914	-104.335517	0.000000	0.000000	0.000000	0.000000	0.000000	0.000000	-197.506447	0.000000	0.000000	0.000000	0.000000	-0.540358	-290.333017
66 	11.298258	0.000000	1.595965	-105.170560	0.000000	0.000000	0.000000	0.000000	0.000000	0.000000	-197.285897	0.000000	0.000000	0.000000	0.000000	-0.540885	-290.103118
66 	10.601523	0.000000	1.646625	-104.775819	0.000000	0.000000	0.000000	0.000000	0.000000	0.000000	-197.402723	0.000000	0.000000	0.000000	0.000000	-0.540621	-290.471015
66 	10.378898	0.000000	1.714694	-104.561082	0.000000	0.000000	0.000000	0.000000	0.000000	0.000000	-197.456223	0.000000	0.000000	0.000000	0.000000	-0.540490	-290.464203
66 	10.298787	0.000000	1.758973	-104.449612	0.000000	0.000000	0.000000	0.000000	0.000000	0.000000	-197.481745	0.000000	0.000000	0.000000	0.000000	-0.540424	-290.414020
67 	13.001653	0.000000	3.452570	-104.885380	0.000000	0.000000	0.000000	0.000000	0.000000	0.000000	-197.422122	0.000000	0.000000	0.000000	0.000000	-0.541861	-286.395140
67 	11.031630	0.000000	2.383552	-104.679808	0.000000	0.000000	0.000000	0.000000	0.000000	0.000000	-197.484903	0.000000	0.000000	0.000000	0.000000	-0.541140	-289.290670
67 	10.510012	0.000000	2.012469	-104.567820	0.000000	0.000000	0.000000	0.000000	0.000000	0.000000	-197.491633	0.000000	0.000000	0.000000	0.000000	-0.540781	-290.077754
67 	10.365531	0.000000	1.870609	-104.509495	0.000000	0.000000	0.000000	0.000000	0.000000	0.000000	-197.488774	0.000000	0.000000	0.000000	0.000000	-0.540602	-290.302731
67 	10.322434	0.000000	1.810961	-104.479749	0.000000	0.000000	0.000000	0.000000	0.000000	0.000000	-197.485781	0.000000	0.000000	0.000000	0.000000	-0.540513	-290.372648
67 	10.308178	0.000000	1.784003	-104.464729	0.000000	0.000000	0.000000	0.000000	0.000000	0.000000	-197.483894	0.000000	0.000000	0.000000	0.000000	-0.540468	-290.396910
68 	12.416800	0.000000	3.512845	-104.857956	0.000000	0.000000	0.000000	0.000000	0.000000	0.000000	-197.757684	0.000000	0.000000	0.000000	0.000000	-0.541976	-287.227972
68 	10.711790	0.000000	2.428342	-104.680404	0.000000	0.000000	0.000000	0.000000	0.000000	0.000000	-197.632951	0.000000	0.000000	0.000000	0.000000	-0.541221	-289.714444
68 	10.345947	0.000000	2.045867	-104.577369	0.000000	0.000000	0.000000	0.000000	0.000000	0.000000	-197.561451	0.000000	0.000000	0.000000	0.000000	-0.540844	-290.287849
68 	10.285882	0.000000	1.899184	-104.522250	0.000000	0.000000	0.000000	0.000000	0.000000	0.000000	-197.523428	0.000000	0.000000	0.000000	0.000000	-0.540656	-290.401269
68 	10.286713	0.000000	1.837571	-104.493790	0.000000	0.000000	0.000000	0.000000	0.000000	0.000000	-197.503850	0.000000	0.000000	0.000000	0.000000	-0.540562	-290.413918
69 	10.224945	0.000000	1.846484	-104.959100	0.000000	0.000000	0.000000	0.000000	0.000000	0.000000	-197.610952	0.000000	0.000000	0.000000	0.000000	-0.540379	-291.039003
69 	9.639344	0.000000	1.801791	-104.734004	0.000000	0.000000	0.000000	0.000000	0.000000	0.000000	-197.591922	0.000000	0.000000	0.000000	0.000000	-0.540472	-291.425264
69 	9.808151	0.000000	1.809751	-104.615686	0.000000	0.000000	0.000000	0.000000	0.000000	0.000000	-197.556468	0.000000	0.000000	0.000000	0.000000	-0.540518	-291.094770
69 	10.008619	0.000000	1.821192	-104.555173	0.000000	0.000000	0.000000	0.000000	0.000000	0.000000	-197.532297	0.000000	0.000000	0.000000	0.000000	-0.540540	-290.798199
69 	10.137951	0.000000	1.828766	-104.524589	0.000000	0.000000	0.000000	0.000000	0.000000	0.000000	-197.518607	0.000000	0.000000	0.000000	0.000000	-0.540551	-290.617030
69 	10.209902	0.000000	1.833015	-104.509216	0.000000	0.000000	0.000000	0.000000	0.000000	0.000000	-197.511361	0.000000	0.000000	0.000000	0.000000	-0.540557	-290.518218
69 	10.247700	0.000000	1.835254	-104.501510	0.000000	0.000000	0.000000	0.000000	0.000000	0.000000	-197.507639	0.000000	0.000000	0.000000	0.000000	-0.540559	-290.466754
69 	10.247700	0.000000	1.835254	-104.501510	0.000000	0.000000	0.000000	0.000000	0.000000	0.000000	-197.507639	0.000000	0.000000	0.000000	0.000000	-0.540559	-290.466754
0 	10.247700	0.000000	1.835254	-104.501510	0.000000	0.000000	0.000000	0.000000	0.000000	0.000000	-197.507639	0.000000	0.000000	0.000000	0.000000	-0.540559	-290.466754
1 	10.400772	0.000000	1.873590	-104.466854	0.000000	0.000000	0.000000	0.000000	0.000000	0.000000	-197.628848	0.000000	0.000000	0.000000	0.000000	-0.540956	-290.362297
2 	11.144094	0.000000	2.027291	-104.422382	0.000000	0.000000	0.000000	0.000000	0.000000	0.000000	-197.734211	0.000000	0.000000	0.000000	0.000000	-0.541374	-289.526581
3 	12.339762	0.000000	2.276102	-104.371507	0.000000	0.000000	0.000000	0.000000	0.000000	0.000000	-197.812169	0.000000	0.000000	0.000000	0.000000	-0.541784	-288.109595
4 	14.032121	0.000000	2.642899	-104.307698	0.000000	0.000000	0.000000	0.000000	0.000000	0.000000	-197.869147	0.000000	0.000000	0.000000	0.000000	-0.542236	-286.044060
5 	16.009811	0.000000	3.097270	-104.234282	0.000000	0.000000	0.000000	0.000000	0.000000	0.000000	-197.897806	0.000000	0.000000	0.000000	0.000000	-0.542700	-283.567707
6 	18.318547	0.000000	3.663570	-104.144043	0.000000	0.000000	0.000000	0.000000	0.000000	0.000000	-197.897487	0.000000	0.000000	0.000000	0.000000	-0.543208	-280.602621
7 	20.404501	0.000000	4.208351	-104.052970	0.000000	0.000000	0.000000	0.000000	0.000000	0.000000	-197.869571	0.000000	0.000000	0.000000	0.000000	-0.543660	-277.853349
8 	22.846957	0.000000	4.874544	-103.930738	0.000000	0.000000	0.000000	0.000000	0.000000	0.000000	-197.805225	0.000000	0.000000	0.000000	0.000000	-0.544185	-274.558647
9 	24.889395	0.000000	5.436694	-103.812588	0.000000	0.000000	0.000000	0.000000	0.000000	0.000000	-197.726578	0.000000	0.000000	0.000000	0.000000	-0.544613	-271.757690
10 	27.300706	0.000000	6.076451	-103.653342	0.000000	0.000000	0.000000	0.000000	0.000000	0.000000	-197.608754	0.000000	0.000000	0.000000	0.000000	-0.545092	-268.430031
